<?xml version="1.0" encoding="UTF-8"?>
<testsuite xmlns:xsi="http://www.w3.org/2001/XMLSchema-instance" xsi:noNamespaceSchemaLocation="https://maven.apache.org/surefire/maven-surefire-plugin/xsd/surefire-test-report-3.0.xsd" version="3.0" name="no.hvl.dat110.unit.tests.TestFilePeers" time="25.427" tests="1" errors="1" skipped="0" failures="0">
  <properties>
[...]
</properties>
  <testcase name="test" classname="no.hvl.dat110.unit.tests.TestFilePeers" time="0.011">
    <error type="java.lang.NullPointerException"><![CDATA[java.lang.NullPointerException
	at no.hvl.dat110.unit.tests.TestFilePeers.lambda$test$0(TestFilePeers.java:50)
	at java.base/java.lang.Iterable.forEach(Iterable.java:75)
	at no.hvl.dat110.unit.tests.TestFilePeers.test(TestFilePeers.java:49)
	at java.base/jdk.internal.reflect.NativeMethodAccessorImpl.invoke0(Native Method)
	at java.base/jdk.internal.reflect.NativeMethodAccessorImpl.invoke(NativeMethodAccessorImpl.java:62)
	at java.base/jdk.internal.reflect.DelegatingMethodAccessorImpl.invoke(DelegatingMethodAccessorImpl.java:43)
	at java.base/java.lang.reflect.Method.invoke(Method.java:564)
	at org.junit.platform.commons.util.ReflectionUtils.invokeMethod(ReflectionUtils.java:727)
	at org.junit.jupiter.engine.execution.MethodInvocation.proceed(MethodInvocation.java:60)
	at org.junit.jupiter.engine.execution.InvocationInterceptorChain$ValidatingInvocation.proceed(InvocationInterceptorChain.java:131)
	at org.junit.jupiter.engine.extension.TimeoutExtension.intercept(TimeoutExtension.java:156)
	at org.junit.jupiter.engine.extension.TimeoutExtension.interceptTestableMethod(TimeoutExtension.java:147)
	at org.junit.jupiter.engine.extension.TimeoutExtension.interceptTestMethod(TimeoutExtension.java:86)
	at org.junit.jupiter.engine.execution.InterceptingExecutableInvoker$ReflectiveInterceptorCall.lambda$ofVoidMethod$0(InterceptingExecutableInvoker.java:103)
	at org.junit.jupiter.engine.execution.InterceptingExecutableInvoker.lambda$invoke$0(InterceptingExecutableInvoker.java:93)
	at org.junit.jupiter.engine.execution.InvocationInterceptorChain$InterceptedInvocation.proceed(InvocationInterceptorChain.java:106)
	at org.junit.jupiter.engine.execution.InvocationInterceptorChain.proceed(InvocationInterceptorChain.java:64)
	at org.junit.jupiter.engine.execution.InvocationInterceptorChain.chainAndInvoke(InvocationInterceptorChain.java:45)
	at org.junit.jupiter.engine.execution.InvocationInterceptorChain.invoke(InvocationInterceptorChain.java:37)
	at org.junit.jupiter.engine.execution.InterceptingExecutableInvoker.invoke(InterceptingExecutableInvoker.java:92)
	at org.junit.jupiter.engine.execution.InterceptingExecutableInvoker.invoke(InterceptingExecutableInvoker.java:86)
	at org.junit.jupiter.engine.descriptor.TestMethodTestDescriptor.lambda$invokeTestMethod$7(TestMethodTestDescriptor.java:217)
	at org.junit.platform.engine.support.hierarchical.ThrowableCollector.execute(ThrowableCollector.java:73)
	at org.junit.jupiter.engine.descriptor.TestMethodTestDescriptor.invokeTestMethod(TestMethodTestDescriptor.java:213)
	at org.junit.jupiter.engine.descriptor.TestMethodTestDescriptor.execute(TestMethodTestDescriptor.java:138)
	at org.junit.jupiter.engine.descriptor.TestMethodTestDescriptor.execute(TestMethodTestDescriptor.java:68)
	at org.junit.platform.engine.support.hierarchical.NodeTestTask.lambda$executeRecursively$6(NodeTestTask.java:151)
	at org.junit.platform.engine.support.hierarchical.ThrowableCollector.execute(ThrowableCollector.java:73)
	at org.junit.platform.engine.support.hierarchical.NodeTestTask.lambda$executeRecursively$8(NodeTestTask.java:141)
	at org.junit.platform.engine.support.hierarchical.Node.around(Node.java:137)
	at org.junit.platform.engine.support.hierarchical.NodeTestTask.lambda$executeRecursively$9(NodeTestTask.java:139)
	at org.junit.platform.engine.support.hierarchical.ThrowableCollector.execute(ThrowableCollector.java:73)
	at org.junit.platform.engine.support.hierarchical.NodeTestTask.executeRecursively(NodeTestTask.java:138)
	at org.junit.platform.engine.support.hierarchical.NodeTestTask.execute(NodeTestTask.java:95)
	at java.base/java.util.ArrayList.forEach(ArrayList.java:1511)
	at org.junit.platform.engine.support.hierarchical.SameThreadHierarchicalTestExecutorService.invokeAll(SameThreadHierarchicalTestExecutorService.java:41)
	at org.junit.platform.engine.support.hierarchical.NodeTestTask.lambda$executeRecursively$6(NodeTestTask.java:155)
	at org.junit.platform.engine.support.hierarchical.ThrowableCollector.execute(ThrowableCollector.java:73)
	at org.junit.platform.engine.support.hierarchical.NodeTestTask.lambda$executeRecursively$8(NodeTestTask.java:141)
	at org.junit.platform.engine.support.hierarchical.Node.around(Node.java:137)
	at org.junit.platform.engine.support.hierarchical.NodeTestTask.lambda$executeRecursively$9(NodeTestTask.java:139)
	at org.junit.platform.engine.support.hierarchical.ThrowableCollector.execute(ThrowableCollector.java:73)
	at org.junit.platform.engine.support.hierarchical.NodeTestTask.executeRecursively(NodeTestTask.java:138)
	at org.junit.platform.engine.support.hierarchical.NodeTestTask.execute(NodeTestTask.java:95)
	at java.base/java.util.ArrayList.forEach(ArrayList.java:1511)
	at org.junit.platform.engine.support.hierarchical.SameThreadHierarchicalTestExecutorService.invokeAll(SameThreadHierarchicalTestExecutorService.java:41)
	at org.junit.platform.engine.support.hierarchical.NodeTestTask.lambda$executeRecursively$6(NodeTestTask.java:155)
	at org.junit.platform.engine.support.hierarchical.ThrowableCollector.execute(ThrowableCollector.java:73)
	at org.junit.platform.engine.support.hierarchical.NodeTestTask.lambda$executeRecursively$8(NodeTestTask.java:141)
	at org.junit.platform.engine.support.hierarchical.Node.around(Node.java:137)
	at org.junit.platform.engine.support.hierarchical.NodeTestTask.lambda$executeRecursively$9(NodeTestTask.java:139)
	at org.junit.platform.engine.support.hierarchical.ThrowableCollector.execute(ThrowableCollector.java:73)
	at org.junit.platform.engine.support.hierarchical.NodeTestTask.executeRecursively(NodeTestTask.java:138)
	at org.junit.platform.engine.support.hierarchical.NodeTestTask.execute(NodeTestTask.java:95)
	at org.junit.platform.engine.support.hierarchical.SameThreadHierarchicalTestExecutorService.submit(SameThreadHierarchicalTestExecutorService.java:35)
	at org.junit.platform.engine.support.hierarchical.HierarchicalTestExecutor.execute(HierarchicalTestExecutor.java:57)
	at org.junit.platform.engine.support.hierarchical.HierarchicalTestEngine.execute(HierarchicalTestEngine.java:54)
	at org.junit.platform.launcher.core.EngineExecutionOrchestrator.execute(EngineExecutionOrchestrator.java:147)
	at org.junit.platform.launcher.core.EngineExecutionOrchestrator.execute(EngineExecutionOrchestrator.java:127)
	at org.junit.platform.launcher.core.EngineExecutionOrchestrator.execute(EngineExecutionOrchestrator.java:90)
	at org.junit.platform.launcher.core.EngineExecutionOrchestrator.lambda$execute$0(EngineExecutionOrchestrator.java:55)
	at org.junit.platform.launcher.core.EngineExecutionOrchestrator.withInterceptedStreams(EngineExecutionOrchestrator.java:102)
	at org.junit.platform.launcher.core.EngineExecutionOrchestrator.execute(EngineExecutionOrchestrator.java:54)
	at org.junit.platform.launcher.core.DefaultLauncher.execute(DefaultLauncher.java:114)
	at org.junit.platform.launcher.core.DefaultLauncher.execute(DefaultLauncher.java:86)
	at org.junit.platform.launcher.core.DefaultLauncherSession$DelegatingLauncher.execute(DefaultLauncherSession.java:86)
	at org.apache.maven.surefire.junitplatform.LazyLauncher.execute(LazyLauncher.java:55)
	at org.apache.maven.surefire.junitplatform.JUnitPlatformProvider.execute(JUnitPlatformProvider.java:223)
	at org.apache.maven.surefire.junitplatform.JUnitPlatformProvider.invokeAllTests(JUnitPlatformProvider.java:175)
	at org.apache.maven.surefire.junitplatform.JUnitPlatformProvider.invoke(JUnitPlatformProvider.java:139)
	at org.apache.maven.surefire.booter.ForkedBooter.runSuitesInProcess(ForkedBooter.java:456)
	at org.apache.maven.surefire.booter.ForkedBooter.execute(ForkedBooter.java:169)
	at org.apache.maven.surefire.booter.ForkedBooter.run(ForkedBooter.java:595)
	at org.apache.maven.surefire.booter.ForkedBooter.main(ForkedBooter.java:581)
]]></error>
    <system-out><![CDATA[2025-04-16 15:18:43 INFO  NodeServer:50 - process1 server is running... 
process1:9091
2025-04-16 15:18:43 INFO  ChordProtocols:107 - New ring created. Node = process1 | Successor = process1 | Predecessor = null
2025-04-16 15:18:45 INFO  NodeServer:50 - process2 server is running... 
process1:9091
2025-04-16 15:18:45 INFO  ChordProtocols:67 - JoinRing-randomNode = process1
2025-04-16 15:18:45 INFO  ChordProtocols:157 - Fixing the FingerTable for Node: process2
2025-04-16 15:18:45 INFO  ChordProtocols:167 - Finger table entry 0: process1
2025-04-16 15:18:45 INFO  ChordProtocols:167 - Finger table entry 1: process1
2025-04-16 15:18:45 INFO  ChordProtocols:167 - Finger table entry 2: process1
2025-04-16 15:18:45 INFO  ChordProtocols:167 - Finger table entry 3: process1
2025-04-16 15:18:45 INFO  ChordProtocols:167 - Finger table entry 4: process1
2025-04-16 15:18:45 INFO  ChordProtocols:167 - Finger table entry 5: process1
2025-04-16 15:18:45 INFO  ChordProtocols:167 - Finger table entry 6: process1
2025-04-16 15:18:45 INFO  ChordProtocols:167 - Finger table entry 7: process1
2025-04-16 15:18:45 INFO  ChordProtocols:167 - Finger table entry 8: process1
2025-04-16 15:18:45 INFO  ChordProtocols:167 - Finger table entry 9: process1
2025-04-16 15:18:45 INFO  ChordProtocols:167 - Finger table entry 10: process1
2025-04-16 15:18:45 INFO  ChordProtocols:167 - Finger table entry 11: process1
2025-04-16 15:18:45 INFO  ChordProtocols:167 - Finger table entry 12: process1
2025-04-16 15:18:45 INFO  ChordProtocols:167 - Finger table entry 13: process1
2025-04-16 15:18:45 INFO  ChordProtocols:167 - Finger table entry 14: process1
2025-04-16 15:18:45 INFO  ChordProtocols:167 - Finger table entry 15: process1
2025-04-16 15:18:45 INFO  ChordProtocols:167 - Finger table entry 16: process1
2025-04-16 15:18:45 INFO  ChordProtocols:167 - Finger table entry 17: process1
2025-04-16 15:18:45 INFO  ChordProtocols:167 - Finger table entry 18: process1
2025-04-16 15:18:45 INFO  ChordProtocols:167 - Finger table entry 19: process1
2025-04-16 15:18:45 INFO  ChordProtocols:167 - Finger table entry 20: process1
2025-04-16 15:18:45 INFO  ChordProtocols:167 - Finger table entry 21: process1
2025-04-16 15:18:45 INFO  ChordProtocols:167 - Finger table entry 22: process1
2025-04-16 15:18:45 INFO  ChordProtocols:167 - Finger table entry 23: process1
2025-04-16 15:18:45 INFO  ChordProtocols:167 - Finger table entry 24: process1
2025-04-16 15:18:45 INFO  ChordProtocols:167 - Finger table entry 25: process1
2025-04-16 15:18:45 INFO  ChordProtocols:167 - Finger table entry 26: process1
2025-04-16 15:18:45 INFO  ChordProtocols:167 - Finger table entry 27: process1
2025-04-16 15:18:45 INFO  ChordProtocols:167 - Finger table entry 28: process1
2025-04-16 15:18:45 INFO  ChordProtocols:167 - Finger table entry 29: process1
2025-04-16 15:18:45 INFO  ChordProtocols:167 - Finger table entry 30: process1
2025-04-16 15:18:45 INFO  ChordProtocols:167 - Finger table entry 31: process1
2025-04-16 15:18:45 INFO  ChordProtocols:167 - Finger table entry 32: process1
2025-04-16 15:18:45 INFO  ChordProtocols:167 - Finger table entry 33: process1
2025-04-16 15:18:45 INFO  ChordProtocols:167 - Finger table entry 34: process1
2025-04-16 15:18:45 INFO  ChordProtocols:167 - Finger table entry 35: process1
2025-04-16 15:18:45 INFO  ChordProtocols:167 - Finger table entry 36: process1
2025-04-16 15:18:45 INFO  ChordProtocols:167 - Finger table entry 37: process1
2025-04-16 15:18:45 INFO  ChordProtocols:167 - Finger table entry 38: process1
2025-04-16 15:18:45 INFO  ChordProtocols:167 - Finger table entry 39: process1
2025-04-16 15:18:45 INFO  ChordProtocols:167 - Finger table entry 40: process1
2025-04-16 15:18:45 INFO  ChordProtocols:167 - Finger table entry 41: process1
2025-04-16 15:18:45 INFO  ChordProtocols:167 - Finger table entry 42: process1
2025-04-16 15:18:45 INFO  ChordProtocols:167 - Finger table entry 43: process1
2025-04-16 15:18:45 INFO  ChordProtocols:167 - Finger table entry 44: process1
2025-04-16 15:18:45 INFO  ChordProtocols:167 - Finger table entry 45: process1
2025-04-16 15:18:45 INFO  ChordProtocols:167 - Finger table entry 46: process1
2025-04-16 15:18:45 INFO  ChordProtocols:167 - Finger table entry 47: process1
2025-04-16 15:18:45 INFO  ChordProtocols:167 - Finger table entry 48: process1
2025-04-16 15:18:45 INFO  ChordProtocols:167 - Finger table entry 49: process1
2025-04-16 15:18:45 INFO  ChordProtocols:167 - Finger table entry 50: process1
2025-04-16 15:18:45 INFO  ChordProtocols:167 - Finger table entry 51: process1
2025-04-16 15:18:45 INFO  ChordProtocols:167 - Finger table entry 52: process1
2025-04-16 15:18:45 INFO  ChordProtocols:167 - Finger table entry 53: process1
2025-04-16 15:18:45 INFO  ChordProtocols:167 - Finger table entry 54: process1
2025-04-16 15:18:45 INFO  ChordProtocols:167 - Finger table entry 55: process1
2025-04-16 15:18:45 INFO  ChordProtocols:167 - Finger table entry 56: process1
2025-04-16 15:18:45 INFO  ChordProtocols:167 - Finger table entry 57: process1
2025-04-16 15:18:45 INFO  ChordProtocols:167 - Finger table entry 58: process1
2025-04-16 15:18:45 INFO  ChordProtocols:167 - Finger table entry 59: process1
2025-04-16 15:18:45 INFO  ChordProtocols:167 - Finger table entry 60: process1
2025-04-16 15:18:45 INFO  ChordProtocols:167 - Finger table entry 61: process1
2025-04-16 15:18:45 INFO  ChordProtocols:167 - Finger table entry 62: process1
2025-04-16 15:18:45 INFO  ChordProtocols:167 - Finger table entry 63: process1
2025-04-16 15:18:45 INFO  ChordProtocols:167 - Finger table entry 64: process1
2025-04-16 15:18:45 INFO  ChordProtocols:167 - Finger table entry 65: process1
2025-04-16 15:18:45 INFO  ChordProtocols:167 - Finger table entry 66: process1
2025-04-16 15:18:45 INFO  ChordProtocols:167 - Finger table entry 67: process1
2025-04-16 15:18:45 INFO  ChordProtocols:167 - Finger table entry 68: process1
2025-04-16 15:18:45 INFO  ChordProtocols:167 - Finger table entry 69: process1
2025-04-16 15:18:45 INFO  ChordProtocols:167 - Finger table entry 70: process1
2025-04-16 15:18:45 INFO  ChordProtocols:167 - Finger table entry 71: process1
2025-04-16 15:18:45 INFO  ChordProtocols:167 - Finger table entry 72: process1
2025-04-16 15:18:45 INFO  ChordProtocols:167 - Finger table entry 73: process1
2025-04-16 15:18:45 INFO  ChordProtocols:167 - Finger table entry 74: process1
2025-04-16 15:18:45 INFO  ChordProtocols:167 - Finger table entry 75: process1
2025-04-16 15:18:45 INFO  ChordProtocols:167 - Finger table entry 76: process1
2025-04-16 15:18:45 INFO  ChordProtocols:167 - Finger table entry 77: process1
2025-04-16 15:18:45 INFO  ChordProtocols:167 - Finger table entry 78: process1
2025-04-16 15:18:45 INFO  ChordProtocols:167 - Finger table entry 79: process1
2025-04-16 15:18:45 INFO  ChordProtocols:167 - Finger table entry 80: process1
2025-04-16 15:18:45 INFO  ChordProtocols:167 - Finger table entry 81: process1
2025-04-16 15:18:45 INFO  ChordProtocols:167 - Finger table entry 82: process1
2025-04-16 15:18:45 INFO  ChordProtocols:167 - Finger table entry 83: process1
2025-04-16 15:18:45 INFO  ChordProtocols:167 - Finger table entry 84: process1
2025-04-16 15:18:45 INFO  ChordProtocols:167 - Finger table entry 85: process1
2025-04-16 15:18:45 INFO  ChordProtocols:167 - Finger table entry 86: process1
2025-04-16 15:18:45 INFO  ChordProtocols:167 - Finger table entry 87: process1
2025-04-16 15:18:45 INFO  ChordProtocols:167 - Finger table entry 88: process1
2025-04-16 15:18:45 INFO  ChordProtocols:167 - Finger table entry 89: process1
2025-04-16 15:18:45 INFO  ChordProtocols:167 - Finger table entry 90: process1
2025-04-16 15:18:45 INFO  ChordProtocols:167 - Finger table entry 91: process1
2025-04-16 15:18:45 INFO  ChordProtocols:167 - Finger table entry 92: process1
2025-04-16 15:18:45 INFO  ChordProtocols:167 - Finger table entry 93: process1
2025-04-16 15:18:45 INFO  ChordProtocols:167 - Finger table entry 94: process1
2025-04-16 15:18:45 INFO  ChordProtocols:167 - Finger table entry 95: process1
2025-04-16 15:18:45 INFO  ChordProtocols:167 - Finger table entry 96: process1
2025-04-16 15:18:45 INFO  ChordProtocols:167 - Finger table entry 97: process1
2025-04-16 15:18:45 INFO  ChordProtocols:167 - Finger table entry 98: process1
2025-04-16 15:18:45 INFO  ChordProtocols:167 - Finger table entry 99: process1
2025-04-16 15:18:45 INFO  ChordProtocols:167 - Finger table entry 100: process1
2025-04-16 15:18:45 INFO  ChordProtocols:167 - Finger table entry 101: process1
2025-04-16 15:18:45 INFO  ChordProtocols:167 - Finger table entry 102: process1
2025-04-16 15:18:45 INFO  ChordProtocols:167 - Finger table entry 103: process1
2025-04-16 15:18:45 INFO  ChordProtocols:167 - Finger table entry 104: process1
2025-04-16 15:18:45 INFO  ChordProtocols:167 - Finger table entry 105: process1
2025-04-16 15:18:45 INFO  ChordProtocols:167 - Finger table entry 106: process1
2025-04-16 15:18:45 INFO  ChordProtocols:167 - Finger table entry 107: process1
2025-04-16 15:18:45 INFO  ChordProtocols:167 - Finger table entry 108: process1
2025-04-16 15:18:45 INFO  ChordProtocols:167 - Finger table entry 109: process1
2025-04-16 15:18:45 INFO  ChordProtocols:167 - Finger table entry 110: process1
2025-04-16 15:18:45 INFO  ChordProtocols:167 - Finger table entry 111: process1
2025-04-16 15:18:45 INFO  ChordProtocols:167 - Finger table entry 112: process1
2025-04-16 15:18:45 INFO  ChordProtocols:167 - Finger table entry 113: process1
2025-04-16 15:18:45 INFO  ChordProtocols:167 - Finger table entry 114: process1
2025-04-16 15:18:45 INFO  ChordProtocols:167 - Finger table entry 115: process1
2025-04-16 15:18:45 INFO  ChordProtocols:167 - Finger table entry 116: process1
2025-04-16 15:18:45 INFO  ChordProtocols:167 - Finger table entry 117: process1
2025-04-16 15:18:45 INFO  ChordProtocols:167 - Finger table entry 118: process1
2025-04-16 15:18:45 INFO  ChordProtocols:167 - Finger table entry 119: process1
2025-04-16 15:18:45 INFO  ChordProtocols:167 - Finger table entry 120: process1
2025-04-16 15:18:45 INFO  ChordProtocols:167 - Finger table entry 121: process1
2025-04-16 15:18:45 INFO  ChordProtocols:167 - Finger table entry 122: process1
2025-04-16 15:18:45 INFO  ChordProtocols:167 - Finger table entry 123: process1
2025-04-16 15:18:45 INFO  ChordProtocols:167 - Finger table entry 124: process1
2025-04-16 15:18:45 INFO  ChordProtocols:167 - Finger table entry 125: process1
2025-04-16 15:18:45 INFO  ChordProtocols:167 - Finger table entry 126: process1
2025-04-16 15:18:45 INFO  ChordProtocols:167 - Finger table entry 127: process1
2025-04-16 15:18:45 INFO  ChordProtocols:167 - Finger table entry 128: process1
2025-04-16 15:18:45 INFO  ChordProtocols:167 - Finger table entry 129: process1
2025-04-16 15:18:45 INFO  ChordProtocols:167 - Finger table entry 130: process1
2025-04-16 15:18:45 INFO  ChordProtocols:167 - Finger table entry 131: process1
2025-04-16 15:18:45 INFO  ChordProtocols:167 - Finger table entry 132: process1
2025-04-16 15:18:45 INFO  ChordProtocols:167 - Finger table entry 133: process1
2025-04-16 15:18:45 INFO  ChordProtocols:167 - Finger table entry 134: process1
2025-04-16 15:18:45 INFO  ChordProtocols:167 - Finger table entry 135: process1
2025-04-16 15:18:45 INFO  ChordProtocols:167 - Finger table entry 136: process1
2025-04-16 15:18:45 INFO  ChordProtocols:167 - Finger table entry 137: process1
2025-04-16 15:18:45 INFO  ChordProtocols:167 - Finger table entry 138: process1
2025-04-16 15:18:45 INFO  ChordProtocols:167 - Finger table entry 139: process1
2025-04-16 15:18:45 INFO  ChordProtocols:167 - Finger table entry 140: process1
2025-04-16 15:18:45 INFO  ChordProtocols:167 - Finger table entry 141: process1
2025-04-16 15:18:45 INFO  ChordProtocols:167 - Finger table entry 142: process1
2025-04-16 15:18:45 INFO  ChordProtocols:167 - Finger table entry 143: process1
2025-04-16 15:18:45 INFO  ChordProtocols:167 - Finger table entry 144: process1
2025-04-16 15:18:45 INFO  ChordProtocols:167 - Finger table entry 145: process1
2025-04-16 15:18:45 INFO  ChordProtocols:167 - Finger table entry 146: process1
2025-04-16 15:18:45 INFO  ChordProtocols:167 - Finger table entry 147: process1
2025-04-16 15:18:45 INFO  ChordProtocols:167 - Finger table entry 148: process1
2025-04-16 15:18:45 INFO  ChordProtocols:167 - Finger table entry 149: process1
2025-04-16 15:18:45 INFO  ChordProtocols:167 - Finger table entry 150: process1
2025-04-16 15:18:45 INFO  ChordProtocols:167 - Finger table entry 151: process1
2025-04-16 15:18:45 INFO  ChordProtocols:167 - Finger table entry 152: process1
2025-04-16 15:18:45 INFO  ChordProtocols:167 - Finger table entry 153: process1
2025-04-16 15:18:45 INFO  ChordProtocols:167 - Finger table entry 154: process1
2025-04-16 15:18:45 INFO  ChordProtocols:167 - Finger table entry 155: process1
2025-04-16 15:18:45 INFO  ChordProtocols:167 - Finger table entry 156: process1
2025-04-16 15:18:45 INFO  ChordProtocols:167 - Finger table entry 157: process1
2025-04-16 15:18:45 INFO  ChordProtocols:167 - Finger table entry 158: process1
2025-04-16 15:18:45 INFO  ChordProtocols:167 - Finger table entry 159: process1
2025-04-16 15:18:45 INFO  ChordLookup:73 - Copy file keys that are <= process2 from successor process1 to process2
2025-04-16 15:18:45 INFO  ChordLookup:94 - Finished copying file keys from successor process1 to process2
2025-04-16 15:18:45 INFO  ChordProtocols:85 - process2 is between null | process1
2025-04-16 15:18:47 INFO  NodeServer:50 - process3 server is running... 
process1:9091
2025-04-16 15:18:47 INFO  ChordProtocols:67 - JoinRing-randomNode = process1
2025-04-16 15:18:47 INFO  ChordProtocols:157 - Fixing the FingerTable for Node: process3
2025-04-16 15:18:47 INFO  ChordProtocols:167 - Finger table entry 0: process1
2025-04-16 15:18:47 INFO  ChordProtocols:167 - Finger table entry 1: process1
2025-04-16 15:18:47 INFO  ChordProtocols:167 - Finger table entry 2: process1
2025-04-16 15:18:47 INFO  ChordProtocols:167 - Finger table entry 3: process1
2025-04-16 15:18:47 INFO  ChordProtocols:167 - Finger table entry 4: process1
2025-04-16 15:18:47 INFO  ChordProtocols:167 - Finger table entry 5: process1
2025-04-16 15:18:47 INFO  ChordProtocols:167 - Finger table entry 6: process1
2025-04-16 15:18:47 INFO  ChordProtocols:167 - Finger table entry 7: process1
2025-04-16 15:18:47 INFO  ChordProtocols:167 - Finger table entry 8: process1
2025-04-16 15:18:47 INFO  ChordProtocols:167 - Finger table entry 9: process1
2025-04-16 15:18:47 INFO  ChordProtocols:167 - Finger table entry 10: process1
2025-04-16 15:18:47 INFO  ChordProtocols:167 - Finger table entry 11: process1
2025-04-16 15:18:47 INFO  ChordProtocols:167 - Finger table entry 12: process1
2025-04-16 15:18:47 INFO  ChordProtocols:167 - Finger table entry 13: process1
2025-04-16 15:18:47 INFO  ChordProtocols:167 - Finger table entry 14: process1
2025-04-16 15:18:47 INFO  ChordProtocols:167 - Finger table entry 15: process1
2025-04-16 15:18:47 INFO  ChordProtocols:167 - Finger table entry 16: process1
2025-04-16 15:18:47 INFO  ChordProtocols:167 - Finger table entry 17: process1
2025-04-16 15:18:47 INFO  ChordProtocols:167 - Finger table entry 18: process1
2025-04-16 15:18:47 INFO  ChordProtocols:167 - Finger table entry 19: process1
2025-04-16 15:18:47 INFO  ChordProtocols:167 - Finger table entry 20: process1
2025-04-16 15:18:47 INFO  ChordProtocols:167 - Finger table entry 21: process1
2025-04-16 15:18:47 INFO  ChordProtocols:167 - Finger table entry 22: process1
2025-04-16 15:18:47 INFO  ChordProtocols:167 - Finger table entry 23: process1
2025-04-16 15:18:47 INFO  ChordProtocols:167 - Finger table entry 24: process1
2025-04-16 15:18:47 INFO  ChordProtocols:167 - Finger table entry 25: process1
2025-04-16 15:18:47 INFO  ChordProtocols:167 - Finger table entry 26: process1
2025-04-16 15:18:47 INFO  ChordProtocols:167 - Finger table entry 27: process1
2025-04-16 15:18:47 INFO  ChordProtocols:167 - Finger table entry 28: process1
2025-04-16 15:18:47 INFO  ChordProtocols:167 - Finger table entry 29: process1
2025-04-16 15:18:47 INFO  ChordProtocols:167 - Finger table entry 30: process1
2025-04-16 15:18:47 INFO  ChordProtocols:167 - Finger table entry 31: process1
2025-04-16 15:18:47 INFO  ChordProtocols:167 - Finger table entry 32: process1
2025-04-16 15:18:47 INFO  ChordProtocols:167 - Finger table entry 33: process1
2025-04-16 15:18:47 INFO  ChordProtocols:167 - Finger table entry 34: process1
2025-04-16 15:18:47 INFO  ChordProtocols:167 - Finger table entry 35: process1
2025-04-16 15:18:47 INFO  ChordProtocols:167 - Finger table entry 36: process1
2025-04-16 15:18:47 INFO  ChordProtocols:167 - Finger table entry 37: process1
2025-04-16 15:18:47 INFO  ChordProtocols:167 - Finger table entry 38: process1
2025-04-16 15:18:47 INFO  ChordProtocols:167 - Finger table entry 39: process1
2025-04-16 15:18:47 INFO  ChordProtocols:167 - Finger table entry 40: process1
2025-04-16 15:18:47 INFO  ChordProtocols:167 - Finger table entry 41: process1
2025-04-16 15:18:47 INFO  ChordProtocols:167 - Finger table entry 42: process1
2025-04-16 15:18:47 INFO  ChordProtocols:167 - Finger table entry 43: process1
2025-04-16 15:18:47 INFO  ChordProtocols:167 - Finger table entry 44: process1
2025-04-16 15:18:47 INFO  ChordProtocols:167 - Finger table entry 45: process1
2025-04-16 15:18:47 INFO  ChordProtocols:167 - Finger table entry 46: process1
2025-04-16 15:18:47 INFO  ChordProtocols:167 - Finger table entry 47: process1
2025-04-16 15:18:47 INFO  ChordProtocols:167 - Finger table entry 48: process1
2025-04-16 15:18:47 INFO  ChordProtocols:167 - Finger table entry 49: process1
2025-04-16 15:18:47 INFO  ChordProtocols:167 - Finger table entry 50: process1
2025-04-16 15:18:47 INFO  ChordProtocols:167 - Finger table entry 51: process1
2025-04-16 15:18:47 INFO  ChordProtocols:167 - Finger table entry 52: process1
2025-04-16 15:18:47 INFO  ChordProtocols:167 - Finger table entry 53: process1
2025-04-16 15:18:47 INFO  ChordProtocols:167 - Finger table entry 54: process1
2025-04-16 15:18:47 INFO  ChordProtocols:167 - Finger table entry 55: process1
2025-04-16 15:18:47 INFO  ChordProtocols:167 - Finger table entry 56: process1
2025-04-16 15:18:47 INFO  ChordProtocols:167 - Finger table entry 57: process1
2025-04-16 15:18:47 INFO  ChordProtocols:167 - Finger table entry 58: process1
2025-04-16 15:18:47 INFO  ChordProtocols:167 - Finger table entry 59: process1
2025-04-16 15:18:47 INFO  ChordProtocols:167 - Finger table entry 60: process1
2025-04-16 15:18:47 INFO  ChordProtocols:167 - Finger table entry 61: process1
2025-04-16 15:18:47 INFO  ChordProtocols:167 - Finger table entry 62: process1
2025-04-16 15:18:47 INFO  ChordProtocols:167 - Finger table entry 63: process1
2025-04-16 15:18:47 INFO  ChordProtocols:167 - Finger table entry 64: process1
2025-04-16 15:18:47 INFO  ChordProtocols:167 - Finger table entry 65: process1
2025-04-16 15:18:47 INFO  ChordProtocols:167 - Finger table entry 66: process1
2025-04-16 15:18:47 INFO  ChordProtocols:167 - Finger table entry 67: process1
2025-04-16 15:18:47 INFO  ChordProtocols:167 - Finger table entry 68: process1
2025-04-16 15:18:47 INFO  ChordProtocols:167 - Finger table entry 69: process1
2025-04-16 15:18:47 INFO  ChordProtocols:167 - Finger table entry 70: process1
2025-04-16 15:18:47 INFO  ChordProtocols:167 - Finger table entry 71: process1
2025-04-16 15:18:47 INFO  ChordProtocols:167 - Finger table entry 72: process1
2025-04-16 15:18:47 INFO  ChordProtocols:167 - Finger table entry 73: process1
2025-04-16 15:18:47 INFO  ChordProtocols:167 - Finger table entry 74: process1
2025-04-16 15:18:47 INFO  ChordProtocols:167 - Finger table entry 75: process1
2025-04-16 15:18:47 INFO  ChordProtocols:167 - Finger table entry 76: process1
2025-04-16 15:18:47 INFO  ChordProtocols:167 - Finger table entry 77: process1
2025-04-16 15:18:47 INFO  ChordProtocols:167 - Finger table entry 78: process1
2025-04-16 15:18:47 INFO  ChordProtocols:167 - Finger table entry 79: process1
2025-04-16 15:18:47 INFO  ChordProtocols:167 - Finger table entry 80: process1
2025-04-16 15:18:47 INFO  ChordProtocols:167 - Finger table entry 81: process1
2025-04-16 15:18:47 INFO  ChordProtocols:167 - Finger table entry 82: process1
2025-04-16 15:18:47 INFO  ChordProtocols:167 - Finger table entry 83: process1
2025-04-16 15:18:47 INFO  ChordProtocols:167 - Finger table entry 84: process1
2025-04-16 15:18:47 INFO  ChordProtocols:167 - Finger table entry 85: process1
2025-04-16 15:18:47 INFO  ChordProtocols:167 - Finger table entry 86: process1
2025-04-16 15:18:47 INFO  ChordProtocols:167 - Finger table entry 87: process1
2025-04-16 15:18:47 INFO  ChordProtocols:167 - Finger table entry 88: process1
2025-04-16 15:18:47 INFO  ChordProtocols:167 - Finger table entry 89: process1
2025-04-16 15:18:47 INFO  ChordProtocols:167 - Finger table entry 90: process1
2025-04-16 15:18:47 INFO  ChordProtocols:167 - Finger table entry 91: process1
2025-04-16 15:18:47 INFO  ChordProtocols:167 - Finger table entry 92: process1
2025-04-16 15:18:47 INFO  ChordProtocols:167 - Finger table entry 93: process1
2025-04-16 15:18:47 INFO  ChordProtocols:167 - Finger table entry 94: process1
2025-04-16 15:18:47 INFO  ChordProtocols:167 - Finger table entry 95: process1
2025-04-16 15:18:47 INFO  ChordProtocols:167 - Finger table entry 96: process1
2025-04-16 15:18:47 INFO  ChordProtocols:167 - Finger table entry 97: process1
2025-04-16 15:18:47 INFO  ChordProtocols:167 - Finger table entry 98: process1
2025-04-16 15:18:47 INFO  ChordProtocols:167 - Finger table entry 99: process1
2025-04-16 15:18:47 INFO  ChordProtocols:167 - Finger table entry 100: process1
2025-04-16 15:18:47 INFO  ChordProtocols:167 - Finger table entry 101: process1
2025-04-16 15:18:47 INFO  ChordProtocols:167 - Finger table entry 102: process1
2025-04-16 15:18:47 INFO  ChordProtocols:167 - Finger table entry 103: process1
2025-04-16 15:18:47 INFO  ChordProtocols:167 - Finger table entry 104: process1
2025-04-16 15:18:47 INFO  ChordProtocols:167 - Finger table entry 105: process1
2025-04-16 15:18:47 INFO  ChordProtocols:167 - Finger table entry 106: process1
2025-04-16 15:18:47 INFO  ChordProtocols:167 - Finger table entry 107: process1
2025-04-16 15:18:47 INFO  ChordProtocols:167 - Finger table entry 108: process1
2025-04-16 15:18:47 INFO  ChordProtocols:167 - Finger table entry 109: process1
2025-04-16 15:18:47 INFO  ChordProtocols:167 - Finger table entry 110: process1
2025-04-16 15:18:47 INFO  ChordProtocols:167 - Finger table entry 111: process1
2025-04-16 15:18:47 INFO  ChordProtocols:167 - Finger table entry 112: process1
2025-04-16 15:18:47 INFO  ChordProtocols:167 - Finger table entry 113: process1
2025-04-16 15:18:47 INFO  ChordProtocols:167 - Finger table entry 114: process1
2025-04-16 15:18:47 INFO  ChordProtocols:167 - Finger table entry 115: process1
2025-04-16 15:18:47 INFO  ChordProtocols:167 - Finger table entry 116: process1
2025-04-16 15:18:47 INFO  ChordProtocols:167 - Finger table entry 117: process1
2025-04-16 15:18:47 INFO  ChordProtocols:167 - Finger table entry 118: process1
2025-04-16 15:18:47 INFO  ChordProtocols:167 - Finger table entry 119: process1
2025-04-16 15:18:47 INFO  ChordProtocols:167 - Finger table entry 120: process1
2025-04-16 15:18:47 INFO  ChordProtocols:167 - Finger table entry 121: process1
2025-04-16 15:18:47 INFO  ChordProtocols:167 - Finger table entry 122: process1
2025-04-16 15:18:47 INFO  ChordProtocols:167 - Finger table entry 123: process1
2025-04-16 15:18:47 INFO  ChordProtocols:167 - Finger table entry 124: process1
2025-04-16 15:18:47 INFO  ChordProtocols:167 - Finger table entry 125: process1
2025-04-16 15:18:47 INFO  ChordProtocols:167 - Finger table entry 126: process1
2025-04-16 15:18:47 INFO  ChordProtocols:167 - Finger table entry 127: process1
2025-04-16 15:18:47 INFO  ChordProtocols:167 - Finger table entry 128: process1
2025-04-16 15:18:47 INFO  ChordProtocols:167 - Finger table entry 129: process1
2025-04-16 15:18:47 INFO  ChordProtocols:167 - Finger table entry 130: process1
2025-04-16 15:18:47 INFO  ChordProtocols:167 - Finger table entry 131: process1
2025-04-16 15:18:47 INFO  ChordProtocols:167 - Finger table entry 132: process1
2025-04-16 15:18:47 INFO  ChordProtocols:167 - Finger table entry 133: process1
2025-04-16 15:18:47 INFO  ChordProtocols:167 - Finger table entry 134: process1
2025-04-16 15:18:47 INFO  ChordProtocols:167 - Finger table entry 135: process1
2025-04-16 15:18:47 INFO  ChordProtocols:167 - Finger table entry 136: process1
2025-04-16 15:18:47 INFO  ChordProtocols:167 - Finger table entry 137: process1
2025-04-16 15:18:47 INFO  ChordProtocols:167 - Finger table entry 138: process1
2025-04-16 15:18:47 INFO  ChordProtocols:167 - Finger table entry 139: process1
2025-04-16 15:18:47 INFO  ChordProtocols:167 - Finger table entry 140: process1
2025-04-16 15:18:47 INFO  ChordProtocols:167 - Finger table entry 141: process1
2025-04-16 15:18:47 INFO  ChordProtocols:167 - Finger table entry 142: process1
2025-04-16 15:18:47 INFO  ChordProtocols:167 - Finger table entry 143: process1
2025-04-16 15:18:47 INFO  ChordProtocols:167 - Finger table entry 144: process1
2025-04-16 15:18:47 INFO  ChordProtocols:167 - Finger table entry 145: process1
2025-04-16 15:18:47 INFO  ChordProtocols:167 - Finger table entry 146: process1
2025-04-16 15:18:47 INFO  ChordProtocols:167 - Finger table entry 147: process1
2025-04-16 15:18:47 INFO  ChordProtocols:167 - Finger table entry 148: process1
2025-04-16 15:18:47 INFO  ChordProtocols:167 - Finger table entry 149: process1
2025-04-16 15:18:47 INFO  ChordProtocols:167 - Finger table entry 150: process1
2025-04-16 15:18:47 INFO  ChordProtocols:167 - Finger table entry 151: process1
2025-04-16 15:18:47 INFO  ChordProtocols:167 - Finger table entry 152: process1
2025-04-16 15:18:47 INFO  ChordProtocols:167 - Finger table entry 153: process1
2025-04-16 15:18:47 INFO  ChordProtocols:167 - Finger table entry 154: process1
2025-04-16 15:18:47 INFO  ChordProtocols:167 - Finger table entry 155: process1
2025-04-16 15:18:47 INFO  ChordProtocols:167 - Finger table entry 156: process1
2025-04-16 15:18:47 INFO  ChordProtocols:167 - Finger table entry 157: process1
2025-04-16 15:18:47 INFO  ChordProtocols:167 - Finger table entry 158: process1
2025-04-16 15:18:47 INFO  ChordProtocols:167 - Finger table entry 159: process1
2025-04-16 15:18:47 INFO  ChordLookup:73 - Copy file keys that are <= process3 from successor process1 to process3
2025-04-16 15:18:47 INFO  ChordLookup:94 - Finished copying file keys from successor process1 to process3
2025-04-16 15:18:47 INFO  ChordProtocols:85 - process3 is between null | process1
2025-04-16 15:18:48 INFO  StabilizationProtocols:130 - Updating the successor for Node: process1
2025-04-16 15:18:48 INFO  StabilizationProtocols:165 - Finished updating the successor for Node: process1
2025-04-16 15:18:48 INFO  StabilizationProtocols:84 - Stabilizing ring from process1...
2025-04-16 15:18:48 INFO  StabilizationProtocols:91 - Stabilize ring: succnode = process1
2025-04-16 15:18:48 INFO  StabilizationProtocols:113 - Finished stabilizing chordring from process1
2025-04-16 15:18:48 INFO  ChordProtocols:157 - Fixing the FingerTable for Node: process1
2025-04-16 15:18:48 INFO  ChordProtocols:167 - Finger table entry 0: process1
2025-04-16 15:18:48 INFO  ChordProtocols:167 - Finger table entry 1: process1
2025-04-16 15:18:48 INFO  ChordProtocols:167 - Finger table entry 2: process1
2025-04-16 15:18:48 INFO  ChordProtocols:167 - Finger table entry 3: process1
2025-04-16 15:18:48 INFO  ChordProtocols:167 - Finger table entry 4: process1
2025-04-16 15:18:48 INFO  ChordProtocols:167 - Finger table entry 5: process1
2025-04-16 15:18:48 INFO  ChordProtocols:167 - Finger table entry 6: process1
2025-04-16 15:18:48 INFO  ChordProtocols:167 - Finger table entry 7: process1
2025-04-16 15:18:48 INFO  ChordProtocols:167 - Finger table entry 8: process1
2025-04-16 15:18:48 INFO  ChordProtocols:167 - Finger table entry 9: process1
2025-04-16 15:18:48 INFO  ChordProtocols:167 - Finger table entry 10: process1
2025-04-16 15:18:48 INFO  ChordProtocols:167 - Finger table entry 11: process1
2025-04-16 15:18:48 INFO  ChordProtocols:167 - Finger table entry 12: process1
2025-04-16 15:18:48 INFO  ChordProtocols:167 - Finger table entry 13: process1
2025-04-16 15:18:48 INFO  ChordProtocols:167 - Finger table entry 14: process1
2025-04-16 15:18:48 INFO  ChordProtocols:167 - Finger table entry 15: process1
2025-04-16 15:18:48 INFO  ChordProtocols:167 - Finger table entry 16: process1
2025-04-16 15:18:48 INFO  ChordProtocols:167 - Finger table entry 17: process1
2025-04-16 15:18:48 INFO  ChordProtocols:167 - Finger table entry 18: process1
2025-04-16 15:18:48 INFO  ChordProtocols:167 - Finger table entry 19: process1
2025-04-16 15:18:48 INFO  ChordProtocols:167 - Finger table entry 20: process1
2025-04-16 15:18:48 INFO  ChordProtocols:167 - Finger table entry 21: process1
2025-04-16 15:18:48 INFO  ChordProtocols:167 - Finger table entry 22: process1
2025-04-16 15:18:48 INFO  ChordProtocols:167 - Finger table entry 23: process1
2025-04-16 15:18:48 INFO  ChordProtocols:167 - Finger table entry 24: process1
2025-04-16 15:18:48 INFO  ChordProtocols:167 - Finger table entry 25: process1
2025-04-16 15:18:48 INFO  ChordProtocols:167 - Finger table entry 26: process1
2025-04-16 15:18:48 INFO  ChordProtocols:167 - Finger table entry 27: process1
2025-04-16 15:18:48 INFO  ChordProtocols:167 - Finger table entry 28: process1
2025-04-16 15:18:48 INFO  ChordProtocols:167 - Finger table entry 29: process1
2025-04-16 15:18:48 INFO  ChordProtocols:167 - Finger table entry 30: process1
2025-04-16 15:18:48 INFO  ChordProtocols:167 - Finger table entry 31: process1
2025-04-16 15:18:48 INFO  ChordProtocols:167 - Finger table entry 32: process1
2025-04-16 15:18:48 INFO  ChordProtocols:167 - Finger table entry 33: process1
2025-04-16 15:18:48 INFO  ChordProtocols:167 - Finger table entry 34: process1
2025-04-16 15:18:48 INFO  ChordProtocols:167 - Finger table entry 35: process1
2025-04-16 15:18:48 INFO  ChordProtocols:167 - Finger table entry 36: process1
2025-04-16 15:18:48 INFO  ChordProtocols:167 - Finger table entry 37: process1
2025-04-16 15:18:48 INFO  ChordProtocols:167 - Finger table entry 38: process1
2025-04-16 15:18:48 INFO  ChordProtocols:167 - Finger table entry 39: process1
2025-04-16 15:18:48 INFO  ChordProtocols:167 - Finger table entry 40: process1
2025-04-16 15:18:48 INFO  ChordProtocols:167 - Finger table entry 41: process1
2025-04-16 15:18:48 INFO  ChordProtocols:167 - Finger table entry 42: process1
2025-04-16 15:18:48 INFO  ChordProtocols:167 - Finger table entry 43: process1
2025-04-16 15:18:48 INFO  ChordProtocols:167 - Finger table entry 44: process1
2025-04-16 15:18:48 INFO  ChordProtocols:167 - Finger table entry 45: process1
2025-04-16 15:18:48 INFO  ChordProtocols:167 - Finger table entry 46: process1
2025-04-16 15:18:48 INFO  ChordProtocols:167 - Finger table entry 47: process1
2025-04-16 15:18:48 INFO  ChordProtocols:167 - Finger table entry 48: process1
2025-04-16 15:18:48 INFO  ChordProtocols:167 - Finger table entry 49: process1
2025-04-16 15:18:48 INFO  ChordProtocols:167 - Finger table entry 50: process1
2025-04-16 15:18:48 INFO  ChordProtocols:167 - Finger table entry 51: process1
2025-04-16 15:18:48 INFO  ChordProtocols:167 - Finger table entry 52: process1
2025-04-16 15:18:48 INFO  ChordProtocols:167 - Finger table entry 53: process1
2025-04-16 15:18:48 INFO  ChordProtocols:167 - Finger table entry 54: process1
2025-04-16 15:18:48 INFO  ChordProtocols:167 - Finger table entry 55: process1
2025-04-16 15:18:48 INFO  ChordProtocols:167 - Finger table entry 56: process1
2025-04-16 15:18:48 INFO  ChordProtocols:167 - Finger table entry 57: process1
2025-04-16 15:18:48 INFO  ChordProtocols:167 - Finger table entry 58: process1
2025-04-16 15:18:48 INFO  ChordProtocols:167 - Finger table entry 59: process1
2025-04-16 15:18:48 INFO  ChordProtocols:167 - Finger table entry 60: process1
2025-04-16 15:18:48 INFO  ChordProtocols:167 - Finger table entry 61: process1
2025-04-16 15:18:48 INFO  ChordProtocols:167 - Finger table entry 62: process1
2025-04-16 15:18:48 INFO  ChordProtocols:167 - Finger table entry 63: process1
2025-04-16 15:18:48 INFO  ChordProtocols:167 - Finger table entry 64: process1
2025-04-16 15:18:48 INFO  ChordProtocols:167 - Finger table entry 65: process1
2025-04-16 15:18:48 INFO  ChordProtocols:167 - Finger table entry 66: process1
2025-04-16 15:18:48 INFO  ChordProtocols:167 - Finger table entry 67: process1
2025-04-16 15:18:48 INFO  ChordProtocols:167 - Finger table entry 68: process1
2025-04-16 15:18:48 INFO  ChordProtocols:167 - Finger table entry 69: process1
2025-04-16 15:18:48 INFO  ChordProtocols:167 - Finger table entry 70: process1
2025-04-16 15:18:48 INFO  ChordProtocols:167 - Finger table entry 71: process1
2025-04-16 15:18:48 INFO  ChordProtocols:167 - Finger table entry 72: process1
2025-04-16 15:18:48 INFO  ChordProtocols:167 - Finger table entry 73: process1
2025-04-16 15:18:48 INFO  ChordProtocols:167 - Finger table entry 74: process1
2025-04-16 15:18:48 INFO  ChordProtocols:167 - Finger table entry 75: process1
2025-04-16 15:18:48 INFO  ChordProtocols:167 - Finger table entry 76: process1
2025-04-16 15:18:48 INFO  ChordProtocols:167 - Finger table entry 77: process1
2025-04-16 15:18:48 INFO  ChordProtocols:167 - Finger table entry 78: process1
2025-04-16 15:18:48 INFO  ChordProtocols:167 - Finger table entry 79: process1
2025-04-16 15:18:48 INFO  ChordProtocols:167 - Finger table entry 80: process1
2025-04-16 15:18:48 INFO  ChordProtocols:167 - Finger table entry 81: process1
2025-04-16 15:18:48 INFO  ChordProtocols:167 - Finger table entry 82: process1
2025-04-16 15:18:48 INFO  ChordProtocols:167 - Finger table entry 83: process1
2025-04-16 15:18:48 INFO  ChordProtocols:167 - Finger table entry 84: process1
2025-04-16 15:18:48 INFO  ChordProtocols:167 - Finger table entry 85: process1
2025-04-16 15:18:48 INFO  ChordProtocols:167 - Finger table entry 86: process1
2025-04-16 15:18:48 INFO  ChordProtocols:167 - Finger table entry 87: process1
2025-04-16 15:18:48 INFO  ChordProtocols:167 - Finger table entry 88: process1
2025-04-16 15:18:48 INFO  ChordProtocols:167 - Finger table entry 89: process1
2025-04-16 15:18:48 INFO  ChordProtocols:167 - Finger table entry 90: process1
2025-04-16 15:18:48 INFO  ChordProtocols:167 - Finger table entry 91: process1
2025-04-16 15:18:48 INFO  ChordProtocols:167 - Finger table entry 92: process1
2025-04-16 15:18:48 INFO  ChordProtocols:167 - Finger table entry 93: process1
2025-04-16 15:18:48 INFO  ChordProtocols:167 - Finger table entry 94: process1
2025-04-16 15:18:48 INFO  ChordProtocols:167 - Finger table entry 95: process1
2025-04-16 15:18:48 INFO  ChordProtocols:167 - Finger table entry 96: process1
2025-04-16 15:18:48 INFO  ChordProtocols:167 - Finger table entry 97: process1
2025-04-16 15:18:48 INFO  ChordProtocols:167 - Finger table entry 98: process1
2025-04-16 15:18:48 INFO  ChordProtocols:167 - Finger table entry 99: process1
2025-04-16 15:18:48 INFO  ChordProtocols:167 - Finger table entry 100: process1
2025-04-16 15:18:48 INFO  ChordProtocols:167 - Finger table entry 101: process1
2025-04-16 15:18:48 INFO  ChordProtocols:167 - Finger table entry 102: process1
2025-04-16 15:18:48 INFO  ChordProtocols:167 - Finger table entry 103: process1
2025-04-16 15:18:48 INFO  ChordProtocols:167 - Finger table entry 104: process1
2025-04-16 15:18:48 INFO  ChordProtocols:167 - Finger table entry 105: process1
2025-04-16 15:18:48 INFO  ChordProtocols:167 - Finger table entry 106: process1
2025-04-16 15:18:48 INFO  ChordProtocols:167 - Finger table entry 107: process1
2025-04-16 15:18:48 INFO  ChordProtocols:167 - Finger table entry 108: process1
2025-04-16 15:18:48 INFO  ChordProtocols:167 - Finger table entry 109: process1
2025-04-16 15:18:48 INFO  ChordProtocols:167 - Finger table entry 110: process1
2025-04-16 15:18:48 INFO  ChordProtocols:167 - Finger table entry 111: process1
2025-04-16 15:18:48 INFO  ChordProtocols:167 - Finger table entry 112: process1
2025-04-16 15:18:48 INFO  ChordProtocols:167 - Finger table entry 113: process1
2025-04-16 15:18:48 INFO  ChordProtocols:167 - Finger table entry 114: process1
2025-04-16 15:18:48 INFO  ChordProtocols:167 - Finger table entry 115: process1
2025-04-16 15:18:48 INFO  ChordProtocols:167 - Finger table entry 116: process1
2025-04-16 15:18:48 INFO  ChordProtocols:167 - Finger table entry 117: process1
2025-04-16 15:18:48 INFO  ChordProtocols:167 - Finger table entry 118: process1
2025-04-16 15:18:48 INFO  ChordProtocols:167 - Finger table entry 119: process1
2025-04-16 15:18:48 INFO  ChordProtocols:167 - Finger table entry 120: process1
2025-04-16 15:18:48 INFO  ChordProtocols:167 - Finger table entry 121: process1
2025-04-16 15:18:48 INFO  ChordProtocols:167 - Finger table entry 122: process1
2025-04-16 15:18:48 INFO  ChordProtocols:167 - Finger table entry 123: process1
2025-04-16 15:18:48 INFO  ChordProtocols:167 - Finger table entry 124: process1
2025-04-16 15:18:48 INFO  ChordProtocols:167 - Finger table entry 125: process1
2025-04-16 15:18:48 INFO  ChordProtocols:167 - Finger table entry 126: process1
2025-04-16 15:18:48 INFO  ChordProtocols:167 - Finger table entry 127: process1
2025-04-16 15:18:48 INFO  ChordProtocols:167 - Finger table entry 128: process1
2025-04-16 15:18:48 INFO  ChordProtocols:167 - Finger table entry 129: process1
2025-04-16 15:18:48 INFO  ChordProtocols:167 - Finger table entry 130: process1
2025-04-16 15:18:48 INFO  ChordProtocols:167 - Finger table entry 131: process1
2025-04-16 15:18:48 INFO  ChordProtocols:167 - Finger table entry 132: process1
2025-04-16 15:18:48 INFO  ChordProtocols:167 - Finger table entry 133: process1
2025-04-16 15:18:48 INFO  ChordProtocols:167 - Finger table entry 134: process1
2025-04-16 15:18:48 INFO  ChordProtocols:167 - Finger table entry 135: process1
2025-04-16 15:18:48 INFO  ChordProtocols:167 - Finger table entry 136: process1
2025-04-16 15:18:48 INFO  ChordProtocols:167 - Finger table entry 137: process1
2025-04-16 15:18:48 INFO  ChordProtocols:167 - Finger table entry 138: process1
2025-04-16 15:18:48 INFO  ChordProtocols:167 - Finger table entry 139: process1
2025-04-16 15:18:48 INFO  ChordProtocols:167 - Finger table entry 140: process1
2025-04-16 15:18:48 INFO  ChordProtocols:167 - Finger table entry 141: process1
2025-04-16 15:18:48 INFO  ChordProtocols:167 - Finger table entry 142: process1
2025-04-16 15:18:48 INFO  ChordProtocols:167 - Finger table entry 143: process1
2025-04-16 15:18:48 INFO  ChordProtocols:167 - Finger table entry 144: process1
2025-04-16 15:18:48 INFO  ChordProtocols:167 - Finger table entry 145: process1
2025-04-16 15:18:48 INFO  ChordProtocols:167 - Finger table entry 146: process1
2025-04-16 15:18:48 INFO  ChordProtocols:167 - Finger table entry 147: process1
2025-04-16 15:18:48 INFO  ChordProtocols:167 - Finger table entry 148: process1
2025-04-16 15:18:48 INFO  ChordProtocols:167 - Finger table entry 149: process1
2025-04-16 15:18:48 INFO  ChordProtocols:167 - Finger table entry 150: process1
2025-04-16 15:18:48 INFO  ChordProtocols:167 - Finger table entry 151: process1
2025-04-16 15:18:48 INFO  ChordProtocols:167 - Finger table entry 152: process1
2025-04-16 15:18:48 INFO  ChordProtocols:167 - Finger table entry 153: process1
2025-04-16 15:18:48 INFO  ChordProtocols:167 - Finger table entry 154: process1
2025-04-16 15:18:48 INFO  ChordProtocols:167 - Finger table entry 155: process1
2025-04-16 15:18:48 INFO  ChordProtocols:167 - Finger table entry 156: process1
2025-04-16 15:18:48 INFO  ChordProtocols:167 - Finger table entry 157: process1
2025-04-16 15:18:48 INFO  ChordProtocols:167 - Finger table entry 158: process1
2025-04-16 15:18:48 INFO  ChordProtocols:167 - Finger table entry 159: process1
2025-04-16 15:18:48 INFO  StabilizationProtocols:60 - Checking the predecessor for Node: process1
==================================
Node Identifier = 53937554629190552131995290006614509577
Node IP address = process1
successor(process1) = process1
predecessor(process1) = process2
Current File keys for process1 => []
==================================
2025-04-16 15:18:49 INFO  NodeServer:50 - process4 server is running... 
process1:9091
2025-04-16 15:18:49 INFO  ChordProtocols:67 - JoinRing-randomNode = process1
2025-04-16 15:18:49 INFO  ChordProtocols:157 - Fixing the FingerTable for Node: process4
2025-04-16 15:18:49 INFO  ChordProtocols:167 - Finger table entry 0: process1
2025-04-16 15:18:49 INFO  ChordProtocols:167 - Finger table entry 1: process1
2025-04-16 15:18:49 INFO  ChordProtocols:167 - Finger table entry 2: process1
2025-04-16 15:18:49 INFO  ChordProtocols:167 - Finger table entry 3: process1
2025-04-16 15:18:49 INFO  ChordProtocols:167 - Finger table entry 4: process1
2025-04-16 15:18:49 INFO  ChordProtocols:167 - Finger table entry 5: process1
2025-04-16 15:18:49 INFO  ChordProtocols:167 - Finger table entry 6: process1
2025-04-16 15:18:49 INFO  ChordProtocols:167 - Finger table entry 7: process1
2025-04-16 15:18:49 INFO  ChordProtocols:167 - Finger table entry 8: process1
2025-04-16 15:18:49 INFO  ChordProtocols:167 - Finger table entry 9: process1
2025-04-16 15:18:49 INFO  ChordProtocols:167 - Finger table entry 10: process1
2025-04-16 15:18:49 INFO  ChordProtocols:167 - Finger table entry 11: process1
2025-04-16 15:18:49 INFO  ChordProtocols:167 - Finger table entry 12: process1
2025-04-16 15:18:49 INFO  ChordProtocols:167 - Finger table entry 13: process1
2025-04-16 15:18:49 INFO  ChordProtocols:167 - Finger table entry 14: process1
2025-04-16 15:18:49 INFO  ChordProtocols:167 - Finger table entry 15: process1
2025-04-16 15:18:49 INFO  ChordProtocols:167 - Finger table entry 16: process1
2025-04-16 15:18:49 INFO  ChordProtocols:167 - Finger table entry 17: process1
2025-04-16 15:18:49 INFO  ChordProtocols:167 - Finger table entry 18: process1
2025-04-16 15:18:49 INFO  ChordProtocols:167 - Finger table entry 19: process1
2025-04-16 15:18:49 INFO  ChordProtocols:167 - Finger table entry 20: process1
2025-04-16 15:18:49 INFO  ChordProtocols:167 - Finger table entry 21: process1
2025-04-16 15:18:49 INFO  ChordProtocols:167 - Finger table entry 22: process1
2025-04-16 15:18:49 INFO  ChordProtocols:167 - Finger table entry 23: process1
2025-04-16 15:18:49 INFO  ChordProtocols:167 - Finger table entry 24: process1
2025-04-16 15:18:49 INFO  ChordProtocols:167 - Finger table entry 25: process1
2025-04-16 15:18:49 INFO  ChordProtocols:167 - Finger table entry 26: process1
2025-04-16 15:18:49 INFO  ChordProtocols:167 - Finger table entry 27: process1
2025-04-16 15:18:49 INFO  ChordProtocols:167 - Finger table entry 28: process1
2025-04-16 15:18:49 INFO  ChordProtocols:167 - Finger table entry 29: process1
2025-04-16 15:18:49 INFO  ChordProtocols:167 - Finger table entry 30: process1
2025-04-16 15:18:49 INFO  ChordProtocols:167 - Finger table entry 31: process1
2025-04-16 15:18:49 INFO  ChordProtocols:167 - Finger table entry 32: process1
2025-04-16 15:18:49 INFO  ChordProtocols:167 - Finger table entry 33: process1
2025-04-16 15:18:49 INFO  ChordProtocols:167 - Finger table entry 34: process1
2025-04-16 15:18:49 INFO  ChordProtocols:167 - Finger table entry 35: process1
2025-04-16 15:18:49 INFO  ChordProtocols:167 - Finger table entry 36: process1
2025-04-16 15:18:49 INFO  ChordProtocols:167 - Finger table entry 37: process1
2025-04-16 15:18:49 INFO  ChordProtocols:167 - Finger table entry 38: process1
2025-04-16 15:18:49 INFO  ChordProtocols:167 - Finger table entry 39: process1
2025-04-16 15:18:49 INFO  ChordProtocols:167 - Finger table entry 40: process1
2025-04-16 15:18:49 INFO  ChordProtocols:167 - Finger table entry 41: process1
2025-04-16 15:18:49 INFO  ChordProtocols:167 - Finger table entry 42: process1
2025-04-16 15:18:49 INFO  ChordProtocols:167 - Finger table entry 43: process1
2025-04-16 15:18:49 INFO  ChordProtocols:167 - Finger table entry 44: process1
2025-04-16 15:18:49 INFO  ChordProtocols:167 - Finger table entry 45: process1
2025-04-16 15:18:49 INFO  ChordProtocols:167 - Finger table entry 46: process1
2025-04-16 15:18:49 INFO  ChordProtocols:167 - Finger table entry 47: process1
2025-04-16 15:18:49 INFO  ChordProtocols:167 - Finger table entry 48: process1
2025-04-16 15:18:49 INFO  ChordProtocols:167 - Finger table entry 49: process1
2025-04-16 15:18:49 INFO  ChordProtocols:167 - Finger table entry 50: process1
2025-04-16 15:18:49 INFO  ChordProtocols:167 - Finger table entry 51: process1
2025-04-16 15:18:49 INFO  ChordProtocols:167 - Finger table entry 52: process1
2025-04-16 15:18:49 INFO  ChordProtocols:167 - Finger table entry 53: process1
2025-04-16 15:18:49 INFO  ChordProtocols:167 - Finger table entry 54: process1
2025-04-16 15:18:49 INFO  ChordProtocols:167 - Finger table entry 55: process1
2025-04-16 15:18:49 INFO  ChordProtocols:167 - Finger table entry 56: process1
2025-04-16 15:18:49 INFO  ChordProtocols:167 - Finger table entry 57: process1
2025-04-16 15:18:49 INFO  ChordProtocols:167 - Finger table entry 58: process1
2025-04-16 15:18:49 INFO  ChordProtocols:167 - Finger table entry 59: process1
2025-04-16 15:18:49 INFO  ChordProtocols:167 - Finger table entry 60: process1
2025-04-16 15:18:49 INFO  ChordProtocols:167 - Finger table entry 61: process1
2025-04-16 15:18:49 INFO  ChordProtocols:167 - Finger table entry 62: process1
2025-04-16 15:18:49 INFO  ChordProtocols:167 - Finger table entry 63: process1
2025-04-16 15:18:49 INFO  ChordProtocols:167 - Finger table entry 64: process1
2025-04-16 15:18:49 INFO  ChordProtocols:167 - Finger table entry 65: process1
2025-04-16 15:18:49 INFO  ChordProtocols:167 - Finger table entry 66: process1
2025-04-16 15:18:49 INFO  ChordProtocols:167 - Finger table entry 67: process1
2025-04-16 15:18:49 INFO  ChordProtocols:167 - Finger table entry 68: process1
2025-04-16 15:18:49 INFO  ChordProtocols:167 - Finger table entry 69: process1
2025-04-16 15:18:49 INFO  ChordProtocols:167 - Finger table entry 70: process1
2025-04-16 15:18:49 INFO  ChordProtocols:167 - Finger table entry 71: process1
2025-04-16 15:18:49 INFO  ChordProtocols:167 - Finger table entry 72: process1
2025-04-16 15:18:49 INFO  ChordProtocols:167 - Finger table entry 73: process1
2025-04-16 15:18:49 INFO  ChordProtocols:167 - Finger table entry 74: process1
2025-04-16 15:18:50 INFO  ChordProtocols:167 - Finger table entry 75: process1
2025-04-16 15:18:50 INFO  ChordProtocols:167 - Finger table entry 76: process1
2025-04-16 15:18:50 INFO  ChordProtocols:167 - Finger table entry 77: process1
2025-04-16 15:18:50 INFO  ChordProtocols:167 - Finger table entry 78: process1
2025-04-16 15:18:50 INFO  ChordProtocols:167 - Finger table entry 79: process1
2025-04-16 15:18:50 INFO  ChordProtocols:167 - Finger table entry 80: process1
2025-04-16 15:18:50 INFO  ChordProtocols:167 - Finger table entry 81: process1
2025-04-16 15:18:50 INFO  ChordProtocols:167 - Finger table entry 82: process1
2025-04-16 15:18:50 INFO  ChordProtocols:167 - Finger table entry 83: process1
2025-04-16 15:18:50 INFO  ChordProtocols:167 - Finger table entry 84: process1
2025-04-16 15:18:50 INFO  ChordProtocols:167 - Finger table entry 85: process1
2025-04-16 15:18:50 INFO  ChordProtocols:167 - Finger table entry 86: process1
2025-04-16 15:18:50 INFO  ChordProtocols:167 - Finger table entry 87: process1
2025-04-16 15:18:50 INFO  ChordProtocols:167 - Finger table entry 88: process1
2025-04-16 15:18:50 INFO  ChordProtocols:167 - Finger table entry 89: process1
2025-04-16 15:18:50 INFO  ChordProtocols:167 - Finger table entry 90: process1
2025-04-16 15:18:50 INFO  ChordProtocols:167 - Finger table entry 91: process1
2025-04-16 15:18:50 INFO  ChordProtocols:167 - Finger table entry 92: process1
2025-04-16 15:18:50 INFO  ChordProtocols:167 - Finger table entry 93: process1
2025-04-16 15:18:50 INFO  ChordProtocols:167 - Finger table entry 94: process1
2025-04-16 15:18:50 INFO  ChordProtocols:167 - Finger table entry 95: process1
2025-04-16 15:18:50 INFO  ChordProtocols:167 - Finger table entry 96: process1
2025-04-16 15:18:50 INFO  ChordProtocols:167 - Finger table entry 97: process1
2025-04-16 15:18:50 INFO  ChordProtocols:167 - Finger table entry 98: process1
2025-04-16 15:18:50 INFO  ChordProtocols:167 - Finger table entry 99: process1
2025-04-16 15:18:50 INFO  ChordProtocols:167 - Finger table entry 100: process1
2025-04-16 15:18:50 INFO  ChordProtocols:167 - Finger table entry 101: process1
2025-04-16 15:18:50 INFO  ChordProtocols:167 - Finger table entry 102: process1
2025-04-16 15:18:50 INFO  ChordProtocols:167 - Finger table entry 103: process1
2025-04-16 15:18:50 INFO  ChordProtocols:167 - Finger table entry 104: process1
2025-04-16 15:18:50 INFO  ChordProtocols:167 - Finger table entry 105: process1
2025-04-16 15:18:50 INFO  ChordProtocols:167 - Finger table entry 106: process1
2025-04-16 15:18:50 INFO  ChordProtocols:167 - Finger table entry 107: process1
2025-04-16 15:18:50 INFO  ChordProtocols:167 - Finger table entry 108: process1
2025-04-16 15:18:50 INFO  ChordProtocols:167 - Finger table entry 109: process1
2025-04-16 15:18:50 INFO  ChordProtocols:167 - Finger table entry 110: process1
2025-04-16 15:18:50 INFO  ChordProtocols:167 - Finger table entry 111: process1
2025-04-16 15:18:50 INFO  ChordProtocols:167 - Finger table entry 112: process1
2025-04-16 15:18:50 INFO  ChordProtocols:167 - Finger table entry 113: process1
2025-04-16 15:18:50 INFO  ChordProtocols:167 - Finger table entry 114: process1
2025-04-16 15:18:50 INFO  ChordProtocols:167 - Finger table entry 115: process1
2025-04-16 15:18:50 INFO  ChordProtocols:167 - Finger table entry 116: process1
2025-04-16 15:18:50 INFO  ChordProtocols:167 - Finger table entry 117: process1
2025-04-16 15:18:50 INFO  ChordProtocols:167 - Finger table entry 118: process1
2025-04-16 15:18:50 INFO  ChordProtocols:167 - Finger table entry 119: process1
2025-04-16 15:18:50 INFO  ChordProtocols:167 - Finger table entry 120: process1
2025-04-16 15:18:50 INFO  ChordProtocols:167 - Finger table entry 121: process1
2025-04-16 15:18:50 INFO  ChordProtocols:167 - Finger table entry 122: process1
2025-04-16 15:18:50 INFO  ChordProtocols:167 - Finger table entry 123: process1
2025-04-16 15:18:50 INFO  ChordProtocols:167 - Finger table entry 124: process1
2025-04-16 15:18:50 INFO  ChordProtocols:167 - Finger table entry 125: process1
2025-04-16 15:18:50 INFO  ChordProtocols:167 - Finger table entry 126: process1
2025-04-16 15:18:50 INFO  ChordProtocols:167 - Finger table entry 127: process1
2025-04-16 15:18:50 INFO  ChordProtocols:167 - Finger table entry 128: process1
2025-04-16 15:18:50 INFO  ChordProtocols:167 - Finger table entry 129: process1
2025-04-16 15:18:50 INFO  ChordProtocols:167 - Finger table entry 130: process1
2025-04-16 15:18:50 INFO  ChordProtocols:167 - Finger table entry 131: process1
2025-04-16 15:18:50 INFO  ChordProtocols:167 - Finger table entry 132: process1
2025-04-16 15:18:50 INFO  ChordProtocols:167 - Finger table entry 133: process1
2025-04-16 15:18:50 INFO  ChordProtocols:167 - Finger table entry 134: process1
2025-04-16 15:18:50 INFO  ChordProtocols:167 - Finger table entry 135: process1
2025-04-16 15:18:50 INFO  ChordProtocols:167 - Finger table entry 136: process1
2025-04-16 15:18:50 INFO  ChordProtocols:167 - Finger table entry 137: process1
2025-04-16 15:18:50 INFO  ChordProtocols:167 - Finger table entry 138: process1
2025-04-16 15:18:50 INFO  ChordProtocols:167 - Finger table entry 139: process1
2025-04-16 15:18:50 INFO  ChordProtocols:167 - Finger table entry 140: process1
2025-04-16 15:18:50 INFO  ChordProtocols:167 - Finger table entry 141: process1
2025-04-16 15:18:50 INFO  ChordProtocols:167 - Finger table entry 142: process1
2025-04-16 15:18:50 INFO  ChordProtocols:167 - Finger table entry 143: process1
2025-04-16 15:18:50 INFO  ChordProtocols:167 - Finger table entry 144: process1
2025-04-16 15:18:50 INFO  ChordProtocols:167 - Finger table entry 145: process1
2025-04-16 15:18:50 INFO  ChordProtocols:167 - Finger table entry 146: process1
2025-04-16 15:18:50 INFO  ChordProtocols:167 - Finger table entry 147: process1
2025-04-16 15:18:50 INFO  ChordProtocols:167 - Finger table entry 148: process1
2025-04-16 15:18:50 INFO  ChordProtocols:167 - Finger table entry 149: process1
2025-04-16 15:18:50 INFO  ChordProtocols:167 - Finger table entry 150: process1
2025-04-16 15:18:50 INFO  ChordProtocols:167 - Finger table entry 151: process1
2025-04-16 15:18:50 INFO  ChordProtocols:167 - Finger table entry 152: process1
2025-04-16 15:18:50 INFO  ChordProtocols:167 - Finger table entry 153: process1
2025-04-16 15:18:50 INFO  ChordProtocols:167 - Finger table entry 154: process1
2025-04-16 15:18:50 INFO  ChordProtocols:167 - Finger table entry 155: process1
2025-04-16 15:18:50 INFO  ChordProtocols:167 - Finger table entry 156: process1
2025-04-16 15:18:50 INFO  ChordProtocols:167 - Finger table entry 157: process1
2025-04-16 15:18:50 INFO  ChordProtocols:167 - Finger table entry 158: process1
2025-04-16 15:18:50 INFO  ChordProtocols:167 - Finger table entry 159: process1
2025-04-16 15:18:50 INFO  ChordLookup:73 - Copy file keys that are <= process4 from successor process1 to process4
2025-04-16 15:18:50 INFO  ChordLookup:94 - Finished copying file keys from successor process1 to process4
2025-04-16 15:18:50 INFO  ChordProtocols:85 - process4 is between null | process1
2025-04-16 15:18:50 INFO  StabilizationProtocols:130 - Updating the successor for Node: process1
2025-04-16 15:18:50 INFO  StabilizationProtocols:165 - Finished updating the successor for Node: process1
2025-04-16 15:18:50 INFO  StabilizationProtocols:84 - Stabilizing ring from process1...
2025-04-16 15:18:50 INFO  StabilizationProtocols:91 - Stabilize ring: succnode = process1
2025-04-16 15:18:50 INFO  StabilizationProtocols:113 - Finished stabilizing chordring from process1
2025-04-16 15:18:50 INFO  ChordProtocols:157 - Fixing the FingerTable for Node: process1
2025-04-16 15:18:50 INFO  ChordProtocols:167 - Finger table entry 0: process1
2025-04-16 15:18:50 INFO  ChordProtocols:167 - Finger table entry 1: process1
2025-04-16 15:18:50 INFO  ChordProtocols:167 - Finger table entry 2: process1
2025-04-16 15:18:50 INFO  ChordProtocols:167 - Finger table entry 3: process1
2025-04-16 15:18:50 INFO  ChordProtocols:167 - Finger table entry 4: process1
2025-04-16 15:18:50 INFO  ChordProtocols:167 - Finger table entry 5: process1
2025-04-16 15:18:50 INFO  ChordProtocols:167 - Finger table entry 6: process1
2025-04-16 15:18:50 INFO  ChordProtocols:167 - Finger table entry 7: process1
2025-04-16 15:18:50 INFO  ChordProtocols:167 - Finger table entry 8: process1
2025-04-16 15:18:50 INFO  ChordProtocols:167 - Finger table entry 9: process1
2025-04-16 15:18:50 INFO  ChordProtocols:167 - Finger table entry 10: process1
2025-04-16 15:18:50 INFO  ChordProtocols:167 - Finger table entry 11: process1
2025-04-16 15:18:50 INFO  ChordProtocols:167 - Finger table entry 12: process1
2025-04-16 15:18:50 INFO  ChordProtocols:167 - Finger table entry 13: process1
2025-04-16 15:18:50 INFO  ChordProtocols:167 - Finger table entry 14: process1
2025-04-16 15:18:50 INFO  ChordProtocols:167 - Finger table entry 15: process1
2025-04-16 15:18:50 INFO  ChordProtocols:167 - Finger table entry 16: process1
2025-04-16 15:18:50 INFO  ChordProtocols:167 - Finger table entry 17: process1
2025-04-16 15:18:50 INFO  ChordProtocols:167 - Finger table entry 18: process1
2025-04-16 15:18:50 INFO  ChordProtocols:167 - Finger table entry 19: process1
2025-04-16 15:18:50 INFO  ChordProtocols:167 - Finger table entry 20: process1
2025-04-16 15:18:50 INFO  ChordProtocols:167 - Finger table entry 21: process1
2025-04-16 15:18:50 INFO  ChordProtocols:167 - Finger table entry 22: process1
2025-04-16 15:18:50 INFO  ChordProtocols:167 - Finger table entry 23: process1
2025-04-16 15:18:50 INFO  ChordProtocols:167 - Finger table entry 24: process1
2025-04-16 15:18:50 INFO  ChordProtocols:167 - Finger table entry 25: process1
2025-04-16 15:18:50 INFO  ChordProtocols:167 - Finger table entry 26: process1
2025-04-16 15:18:50 INFO  ChordProtocols:167 - Finger table entry 27: process1
2025-04-16 15:18:50 INFO  ChordProtocols:167 - Finger table entry 28: process1
2025-04-16 15:18:50 INFO  ChordProtocols:167 - Finger table entry 29: process1
2025-04-16 15:18:50 INFO  ChordProtocols:167 - Finger table entry 30: process1
2025-04-16 15:18:50 INFO  ChordProtocols:167 - Finger table entry 31: process1
2025-04-16 15:18:50 INFO  ChordProtocols:167 - Finger table entry 32: process1
2025-04-16 15:18:50 INFO  ChordProtocols:167 - Finger table entry 33: process1
2025-04-16 15:18:50 INFO  ChordProtocols:167 - Finger table entry 34: process1
2025-04-16 15:18:50 INFO  ChordProtocols:167 - Finger table entry 35: process1
2025-04-16 15:18:50 INFO  ChordProtocols:167 - Finger table entry 36: process1
2025-04-16 15:18:50 INFO  ChordProtocols:167 - Finger table entry 37: process1
2025-04-16 15:18:50 INFO  ChordProtocols:167 - Finger table entry 38: process1
2025-04-16 15:18:50 INFO  ChordProtocols:167 - Finger table entry 39: process1
2025-04-16 15:18:50 INFO  ChordProtocols:167 - Finger table entry 40: process1
2025-04-16 15:18:50 INFO  ChordProtocols:167 - Finger table entry 41: process1
2025-04-16 15:18:50 INFO  ChordProtocols:167 - Finger table entry 42: process1
2025-04-16 15:18:50 INFO  ChordProtocols:167 - Finger table entry 43: process1
2025-04-16 15:18:50 INFO  ChordProtocols:167 - Finger table entry 44: process1
2025-04-16 15:18:50 INFO  ChordProtocols:167 - Finger table entry 45: process1
2025-04-16 15:18:50 INFO  ChordProtocols:167 - Finger table entry 46: process1
2025-04-16 15:18:50 INFO  ChordProtocols:167 - Finger table entry 47: process1
2025-04-16 15:18:50 INFO  ChordProtocols:167 - Finger table entry 48: process1
2025-04-16 15:18:50 INFO  ChordProtocols:167 - Finger table entry 49: process1
2025-04-16 15:18:50 INFO  ChordProtocols:167 - Finger table entry 50: process1
2025-04-16 15:18:50 INFO  ChordProtocols:167 - Finger table entry 51: process1
2025-04-16 15:18:50 INFO  ChordProtocols:167 - Finger table entry 52: process1
2025-04-16 15:18:50 INFO  ChordProtocols:167 - Finger table entry 53: process1
2025-04-16 15:18:50 INFO  ChordProtocols:167 - Finger table entry 54: process1
2025-04-16 15:18:50 INFO  ChordProtocols:167 - Finger table entry 55: process1
2025-04-16 15:18:50 INFO  ChordProtocols:167 - Finger table entry 56: process1
2025-04-16 15:18:50 INFO  ChordProtocols:167 - Finger table entry 57: process1
2025-04-16 15:18:50 INFO  ChordProtocols:167 - Finger table entry 58: process1
2025-04-16 15:18:50 INFO  ChordProtocols:167 - Finger table entry 59: process1
2025-04-16 15:18:50 INFO  ChordProtocols:167 - Finger table entry 60: process1
2025-04-16 15:18:50 INFO  ChordProtocols:167 - Finger table entry 61: process1
2025-04-16 15:18:50 INFO  ChordProtocols:167 - Finger table entry 62: process1
2025-04-16 15:18:50 INFO  ChordProtocols:167 - Finger table entry 63: process1
2025-04-16 15:18:50 INFO  ChordProtocols:167 - Finger table entry 64: process1
2025-04-16 15:18:50 INFO  ChordProtocols:167 - Finger table entry 65: process1
2025-04-16 15:18:50 INFO  ChordProtocols:167 - Finger table entry 66: process1
2025-04-16 15:18:50 INFO  ChordProtocols:167 - Finger table entry 67: process1
2025-04-16 15:18:50 INFO  ChordProtocols:167 - Finger table entry 68: process1
2025-04-16 15:18:50 INFO  ChordProtocols:167 - Finger table entry 69: process1
2025-04-16 15:18:50 INFO  ChordProtocols:167 - Finger table entry 70: process1
2025-04-16 15:18:50 INFO  ChordProtocols:167 - Finger table entry 71: process1
2025-04-16 15:18:50 INFO  ChordProtocols:167 - Finger table entry 72: process1
2025-04-16 15:18:50 INFO  ChordProtocols:167 - Finger table entry 73: process1
2025-04-16 15:18:50 INFO  ChordProtocols:167 - Finger table entry 74: process1
2025-04-16 15:18:50 INFO  ChordProtocols:167 - Finger table entry 75: process1
2025-04-16 15:18:50 INFO  ChordProtocols:167 - Finger table entry 76: process1
2025-04-16 15:18:50 INFO  ChordProtocols:167 - Finger table entry 77: process1
2025-04-16 15:18:50 INFO  ChordProtocols:167 - Finger table entry 78: process1
2025-04-16 15:18:50 INFO  ChordProtocols:167 - Finger table entry 79: process1
2025-04-16 15:18:50 INFO  ChordProtocols:167 - Finger table entry 80: process1
2025-04-16 15:18:50 INFO  ChordProtocols:167 - Finger table entry 81: process1
2025-04-16 15:18:50 INFO  ChordProtocols:167 - Finger table entry 82: process1
2025-04-16 15:18:50 INFO  ChordProtocols:167 - Finger table entry 83: process1
2025-04-16 15:18:50 INFO  ChordProtocols:167 - Finger table entry 84: process1
2025-04-16 15:18:50 INFO  ChordProtocols:167 - Finger table entry 85: process1
2025-04-16 15:18:50 INFO  ChordProtocols:167 - Finger table entry 86: process1
2025-04-16 15:18:50 INFO  ChordProtocols:167 - Finger table entry 87: process1
2025-04-16 15:18:50 INFO  ChordProtocols:167 - Finger table entry 88: process1
2025-04-16 15:18:50 INFO  ChordProtocols:167 - Finger table entry 89: process1
2025-04-16 15:18:50 INFO  ChordProtocols:167 - Finger table entry 90: process1
2025-04-16 15:18:50 INFO  ChordProtocols:167 - Finger table entry 91: process1
2025-04-16 15:18:50 INFO  ChordProtocols:167 - Finger table entry 92: process1
2025-04-16 15:18:50 INFO  ChordProtocols:167 - Finger table entry 93: process1
2025-04-16 15:18:50 INFO  ChordProtocols:167 - Finger table entry 94: process1
2025-04-16 15:18:50 INFO  ChordProtocols:167 - Finger table entry 95: process1
2025-04-16 15:18:50 INFO  ChordProtocols:167 - Finger table entry 96: process1
2025-04-16 15:18:50 INFO  ChordProtocols:167 - Finger table entry 97: process1
2025-04-16 15:18:50 INFO  ChordProtocols:167 - Finger table entry 98: process1
2025-04-16 15:18:50 INFO  ChordProtocols:167 - Finger table entry 99: process1
2025-04-16 15:18:50 INFO  ChordProtocols:167 - Finger table entry 100: process1
2025-04-16 15:18:50 INFO  ChordProtocols:167 - Finger table entry 101: process1
2025-04-16 15:18:50 INFO  ChordProtocols:167 - Finger table entry 102: process1
2025-04-16 15:18:50 INFO  ChordProtocols:167 - Finger table entry 103: process1
2025-04-16 15:18:50 INFO  ChordProtocols:167 - Finger table entry 104: process1
2025-04-16 15:18:50 INFO  ChordProtocols:167 - Finger table entry 105: process1
2025-04-16 15:18:50 INFO  ChordProtocols:167 - Finger table entry 106: process1
2025-04-16 15:18:50 INFO  ChordProtocols:167 - Finger table entry 107: process1
2025-04-16 15:18:50 INFO  ChordProtocols:167 - Finger table entry 108: process1
2025-04-16 15:18:50 INFO  ChordProtocols:167 - Finger table entry 109: process1
2025-04-16 15:18:50 INFO  ChordProtocols:167 - Finger table entry 110: process1
2025-04-16 15:18:50 INFO  ChordProtocols:167 - Finger table entry 111: process1
2025-04-16 15:18:50 INFO  ChordProtocols:167 - Finger table entry 112: process1
2025-04-16 15:18:50 INFO  ChordProtocols:167 - Finger table entry 113: process1
2025-04-16 15:18:50 INFO  ChordProtocols:167 - Finger table entry 114: process1
2025-04-16 15:18:50 INFO  ChordProtocols:167 - Finger table entry 115: process1
2025-04-16 15:18:50 INFO  ChordProtocols:167 - Finger table entry 116: process1
2025-04-16 15:18:50 INFO  ChordProtocols:167 - Finger table entry 117: process1
2025-04-16 15:18:50 INFO  ChordProtocols:167 - Finger table entry 118: process1
2025-04-16 15:18:50 INFO  ChordProtocols:167 - Finger table entry 119: process1
2025-04-16 15:18:50 INFO  ChordProtocols:167 - Finger table entry 120: process1
2025-04-16 15:18:50 INFO  ChordProtocols:167 - Finger table entry 121: process1
2025-04-16 15:18:50 INFO  ChordProtocols:167 - Finger table entry 122: process1
2025-04-16 15:18:50 INFO  ChordProtocols:167 - Finger table entry 123: process1
2025-04-16 15:18:50 INFO  ChordProtocols:167 - Finger table entry 124: process1
2025-04-16 15:18:50 INFO  ChordProtocols:167 - Finger table entry 125: process1
2025-04-16 15:18:50 INFO  ChordProtocols:167 - Finger table entry 126: process1
2025-04-16 15:18:50 INFO  ChordProtocols:167 - Finger table entry 127: process1
2025-04-16 15:18:50 INFO  ChordProtocols:167 - Finger table entry 128: process1
2025-04-16 15:18:50 INFO  ChordProtocols:167 - Finger table entry 129: process1
2025-04-16 15:18:50 INFO  ChordProtocols:167 - Finger table entry 130: process1
2025-04-16 15:18:50 INFO  ChordProtocols:167 - Finger table entry 131: process1
2025-04-16 15:18:50 INFO  ChordProtocols:167 - Finger table entry 132: process1
2025-04-16 15:18:50 INFO  ChordProtocols:167 - Finger table entry 133: process1
2025-04-16 15:18:50 INFO  ChordProtocols:167 - Finger table entry 134: process1
2025-04-16 15:18:50 INFO  ChordProtocols:167 - Finger table entry 135: process1
2025-04-16 15:18:50 INFO  ChordProtocols:167 - Finger table entry 136: process1
2025-04-16 15:18:50 INFO  ChordProtocols:167 - Finger table entry 137: process1
2025-04-16 15:18:50 INFO  ChordProtocols:167 - Finger table entry 138: process1
2025-04-16 15:18:50 INFO  ChordProtocols:167 - Finger table entry 139: process1
2025-04-16 15:18:50 INFO  ChordProtocols:167 - Finger table entry 140: process1
2025-04-16 15:18:50 INFO  ChordProtocols:167 - Finger table entry 141: process1
2025-04-16 15:18:50 INFO  ChordProtocols:167 - Finger table entry 142: process1
2025-04-16 15:18:50 INFO  ChordProtocols:167 - Finger table entry 143: process1
2025-04-16 15:18:50 INFO  ChordProtocols:167 - Finger table entry 144: process1
2025-04-16 15:18:50 INFO  ChordProtocols:167 - Finger table entry 145: process1
2025-04-16 15:18:50 INFO  ChordProtocols:167 - Finger table entry 146: process1
2025-04-16 15:18:50 INFO  ChordProtocols:167 - Finger table entry 147: process1
2025-04-16 15:18:50 INFO  ChordProtocols:167 - Finger table entry 148: process1
2025-04-16 15:18:50 INFO  ChordProtocols:167 - Finger table entry 149: process1
2025-04-16 15:18:50 INFO  ChordProtocols:167 - Finger table entry 150: process1
2025-04-16 15:18:50 INFO  ChordProtocols:167 - Finger table entry 151: process1
2025-04-16 15:18:50 INFO  ChordProtocols:167 - Finger table entry 152: process1
2025-04-16 15:18:50 INFO  ChordProtocols:167 - Finger table entry 153: process1
2025-04-16 15:18:50 INFO  ChordProtocols:167 - Finger table entry 154: process1
2025-04-16 15:18:50 INFO  ChordProtocols:167 - Finger table entry 155: process1
2025-04-16 15:18:50 INFO  ChordProtocols:167 - Finger table entry 156: process1
2025-04-16 15:18:50 INFO  ChordProtocols:167 - Finger table entry 157: process1
2025-04-16 15:18:50 INFO  ChordProtocols:167 - Finger table entry 158: process1
2025-04-16 15:18:50 INFO  ChordProtocols:167 - Finger table entry 159: process1
2025-04-16 15:18:50 INFO  StabilizationProtocols:60 - Checking the predecessor for Node: process1
==================================
Node Identifier = 53937554629190552131995290006614509577
Node IP address = process1
successor(process1) = process1
predecessor(process1) = process2
Current File keys for process1 => []
==================================
2025-04-16 15:18:50 INFO  StabilizationProtocols:130 - Updating the successor for Node: process2
2025-04-16 15:18:50 INFO  StabilizationProtocols:84 - Stabilizing ring from process2...
2025-04-16 15:18:50 INFO  StabilizationProtocols:91 - Stabilize ring: succnode = process1
2025-04-16 15:18:50 INFO  StabilizationProtocols:113 - Finished stabilizing chordring from process2
2025-04-16 15:18:50 INFO  ChordProtocols:157 - Fixing the FingerTable for Node: process2
2025-04-16 15:18:50 INFO  ChordProtocols:167 - Finger table entry 0: process1
2025-04-16 15:18:50 INFO  ChordProtocols:167 - Finger table entry 1: process1
2025-04-16 15:18:50 INFO  ChordProtocols:167 - Finger table entry 2: process1
2025-04-16 15:18:50 INFO  ChordProtocols:167 - Finger table entry 3: process1
2025-04-16 15:18:50 INFO  ChordProtocols:167 - Finger table entry 4: process1
2025-04-16 15:18:50 INFO  ChordProtocols:167 - Finger table entry 5: process1
2025-04-16 15:18:50 INFO  ChordProtocols:167 - Finger table entry 6: process1
2025-04-16 15:18:50 INFO  ChordProtocols:167 - Finger table entry 7: process1
2025-04-16 15:18:50 INFO  ChordProtocols:167 - Finger table entry 8: process1
2025-04-16 15:18:50 INFO  ChordProtocols:167 - Finger table entry 9: process1
2025-04-16 15:18:50 INFO  ChordProtocols:167 - Finger table entry 10: process1
2025-04-16 15:18:50 INFO  ChordProtocols:167 - Finger table entry 11: process1
2025-04-16 15:18:50 INFO  ChordProtocols:167 - Finger table entry 12: process1
2025-04-16 15:18:50 INFO  ChordProtocols:167 - Finger table entry 13: process1
2025-04-16 15:18:50 INFO  ChordProtocols:167 - Finger table entry 14: process1
2025-04-16 15:18:50 INFO  ChordProtocols:167 - Finger table entry 15: process1
2025-04-16 15:18:50 INFO  ChordProtocols:167 - Finger table entry 16: process1
2025-04-16 15:18:50 INFO  ChordProtocols:167 - Finger table entry 17: process1
2025-04-16 15:18:50 INFO  ChordProtocols:167 - Finger table entry 18: process1
2025-04-16 15:18:50 INFO  ChordProtocols:167 - Finger table entry 19: process1
2025-04-16 15:18:50 INFO  ChordProtocols:167 - Finger table entry 20: process1
2025-04-16 15:18:50 INFO  ChordProtocols:167 - Finger table entry 21: process1
2025-04-16 15:18:50 INFO  ChordProtocols:167 - Finger table entry 22: process1
2025-04-16 15:18:50 INFO  ChordProtocols:167 - Finger table entry 23: process1
2025-04-16 15:18:50 INFO  ChordProtocols:167 - Finger table entry 24: process1
2025-04-16 15:18:50 INFO  ChordProtocols:167 - Finger table entry 25: process1
2025-04-16 15:18:50 INFO  ChordProtocols:167 - Finger table entry 26: process1
2025-04-16 15:18:50 INFO  ChordProtocols:167 - Finger table entry 27: process1
2025-04-16 15:18:50 INFO  ChordProtocols:167 - Finger table entry 28: process1
2025-04-16 15:18:50 INFO  ChordProtocols:167 - Finger table entry 29: process1
2025-04-16 15:18:50 INFO  ChordProtocols:167 - Finger table entry 30: process1
2025-04-16 15:18:50 INFO  ChordProtocols:167 - Finger table entry 31: process1
2025-04-16 15:18:50 INFO  ChordProtocols:167 - Finger table entry 32: process1
2025-04-16 15:18:50 INFO  ChordProtocols:167 - Finger table entry 33: process1
2025-04-16 15:18:50 INFO  ChordProtocols:167 - Finger table entry 34: process1
2025-04-16 15:18:50 INFO  ChordProtocols:167 - Finger table entry 35: process1
2025-04-16 15:18:50 INFO  ChordProtocols:167 - Finger table entry 36: process1
2025-04-16 15:18:50 INFO  ChordProtocols:167 - Finger table entry 37: process1
2025-04-16 15:18:50 INFO  ChordProtocols:167 - Finger table entry 38: process1
2025-04-16 15:18:50 INFO  ChordProtocols:167 - Finger table entry 39: process1
2025-04-16 15:18:50 INFO  ChordProtocols:167 - Finger table entry 40: process1
2025-04-16 15:18:50 INFO  ChordProtocols:167 - Finger table entry 41: process1
2025-04-16 15:18:50 INFO  ChordProtocols:167 - Finger table entry 42: process1
2025-04-16 15:18:50 INFO  ChordProtocols:167 - Finger table entry 43: process1
2025-04-16 15:18:50 INFO  ChordProtocols:167 - Finger table entry 44: process1
2025-04-16 15:18:50 INFO  ChordProtocols:167 - Finger table entry 45: process1
2025-04-16 15:18:50 INFO  ChordProtocols:167 - Finger table entry 46: process1
2025-04-16 15:18:50 INFO  ChordProtocols:167 - Finger table entry 47: process1
2025-04-16 15:18:50 INFO  ChordProtocols:167 - Finger table entry 48: process1
2025-04-16 15:18:50 INFO  ChordProtocols:167 - Finger table entry 49: process1
[...]
2025-04-16 15:19:05 INFO  ChordProtocols:167 - Finger table entry 103: process4
2025-04-16 15:19:05 INFO  ChordProtocols:167 - Finger table entry 104: process4
2025-04-16 15:19:05 INFO  ChordProtocols:167 - Finger table entry 105: process4
2025-04-16 15:19:05 INFO  ChordProtocols:167 - Finger table entry 106: process4
2025-04-16 15:19:05 INFO  ChordProtocols:167 - Finger table entry 107: process4
2025-04-16 15:19:05 INFO  ChordProtocols:167 - Finger table entry 108: process4
2025-04-16 15:19:05 INFO  ChordProtocols:167 - Finger table entry 109: process4
2025-04-16 15:19:05 INFO  ChordProtocols:167 - Finger table entry 110: process4
2025-04-16 15:19:05 INFO  ChordProtocols:167 - Finger table entry 111: process4
2025-04-16 15:19:05 INFO  ChordProtocols:167 - Finger table entry 112: process4
2025-04-16 15:19:05 INFO  ChordProtocols:167 - Finger table entry 113: process4
2025-04-16 15:19:05 INFO  ChordProtocols:167 - Finger table entry 114: process4
2025-04-16 15:19:05 INFO  ChordProtocols:167 - Finger table entry 115: process4
2025-04-16 15:19:05 INFO  ChordProtocols:167 - Finger table entry 116: process4
2025-04-16 15:19:05 INFO  ChordProtocols:167 - Finger table entry 117: process4
2025-04-16 15:19:05 INFO  ChordProtocols:167 - Finger table entry 118: process4
2025-04-16 15:19:05 INFO  ChordProtocols:167 - Finger table entry 119: process4
2025-04-16 15:19:05 INFO  ChordProtocols:167 - Finger table entry 120: process4
2025-04-16 15:19:05 INFO  ChordProtocols:167 - Finger table entry 121: process4
2025-04-16 15:19:05 INFO  ChordProtocols:167 - Finger table entry 122: process4
2025-04-16 15:19:05 INFO  ChordProtocols:167 - Finger table entry 123: process4
2025-04-16 15:19:05 INFO  ChordProtocols:167 - Finger table entry 124: process4
2025-04-16 15:19:05 INFO  ChordProtocols:167 - Finger table entry 125: process4
2025-04-16 15:19:05 INFO  ChordProtocols:167 - Finger table entry 126: process4
2025-04-16 15:19:05 INFO  ChordProtocols:167 - Finger table entry 127: process4
2025-04-16 15:19:05 INFO  ChordProtocols:167 - Finger table entry 128: process4
2025-04-16 15:19:05 INFO  ChordProtocols:167 - Finger table entry 129: process4
2025-04-16 15:19:05 INFO  ChordProtocols:167 - Finger table entry 130: process4
2025-04-16 15:19:05 INFO  ChordProtocols:167 - Finger table entry 131: process4
2025-04-16 15:19:05 INFO  ChordProtocols:167 - Finger table entry 132: process4
2025-04-16 15:19:05 INFO  ChordProtocols:167 - Finger table entry 133: process4
2025-04-16 15:19:05 INFO  ChordProtocols:167 - Finger table entry 134: process4
2025-04-16 15:19:05 INFO  ChordProtocols:167 - Finger table entry 135: process4
2025-04-16 15:19:05 INFO  ChordProtocols:167 - Finger table entry 136: process4
2025-04-16 15:19:05 INFO  ChordProtocols:167 - Finger table entry 137: process4
2025-04-16 15:19:05 INFO  ChordProtocols:167 - Finger table entry 138: process4
2025-04-16 15:19:05 INFO  ChordProtocols:167 - Finger table entry 139: process4
2025-04-16 15:19:05 INFO  ChordProtocols:167 - Finger table entry 140: process4
2025-04-16 15:19:05 INFO  ChordProtocols:167 - Finger table entry 141: process4
2025-04-16 15:19:05 INFO  ChordProtocols:167 - Finger table entry 142: process4
2025-04-16 15:19:05 INFO  ChordProtocols:167 - Finger table entry 143: process4
2025-04-16 15:19:05 INFO  ChordProtocols:167 - Finger table entry 144: process4
2025-04-16 15:19:05 INFO  ChordProtocols:167 - Finger table entry 145: process4
2025-04-16 15:19:05 INFO  ChordProtocols:167 - Finger table entry 146: process4
2025-04-16 15:19:05 INFO  ChordProtocols:167 - Finger table entry 147: process4
2025-04-16 15:19:05 INFO  ChordProtocols:167 - Finger table entry 148: process4
2025-04-16 15:19:05 INFO  ChordProtocols:167 - Finger table entry 149: process4
2025-04-16 15:19:05 INFO  ChordProtocols:167 - Finger table entry 150: process4
2025-04-16 15:19:05 INFO  ChordProtocols:167 - Finger table entry 151: process4
2025-04-16 15:19:05 INFO  ChordProtocols:167 - Finger table entry 152: process4
2025-04-16 15:19:05 INFO  ChordProtocols:167 - Finger table entry 153: process4
2025-04-16 15:19:05 INFO  ChordProtocols:167 - Finger table entry 154: process4
2025-04-16 15:19:05 INFO  ChordProtocols:167 - Finger table entry 155: process4
2025-04-16 15:19:05 INFO  ChordProtocols:167 - Finger table entry 156: process4
2025-04-16 15:19:05 INFO  ChordProtocols:167 - Finger table entry 157: process4
2025-04-16 15:19:05 INFO  ChordProtocols:167 - Finger table entry 158: process4
2025-04-16 15:19:05 INFO  ChordProtocols:167 - Finger table entry 159: process4
2025-04-16 15:19:05 INFO  StabilizationProtocols:60 - Checking the predecessor for Node: process5
==================================
Node Identifier = 121411138451101288395601026024677976156
Node IP address = process5
successor(process5) = process4
predecessor(process5) = process3
Current File keys for process5 => []
==================================
2025-04-16 15:19:06 INFO  StabilizationProtocols:130 - Updating the successor for Node: process1
2025-04-16 15:19:06 INFO  StabilizationProtocols:165 - Finished updating the successor for Node: process1
2025-04-16 15:19:06 INFO  StabilizationProtocols:84 - Stabilizing ring from process1...
2025-04-16 15:19:06 INFO  StabilizationProtocols:91 - Stabilize ring: succnode = process1
2025-04-16 15:19:06 INFO  StabilizationProtocols:113 - Finished stabilizing chordring from process1
2025-04-16 15:19:06 INFO  ChordProtocols:157 - Fixing the FingerTable for Node: process1
2025-04-16 15:19:06 INFO  ChordProtocols:167 - Finger table entry 0: process1
2025-04-16 15:19:06 INFO  ChordProtocols:167 - Finger table entry 1: process1
2025-04-16 15:19:06 INFO  ChordProtocols:167 - Finger table entry 2: process1
2025-04-16 15:19:06 INFO  ChordProtocols:167 - Finger table entry 3: process1
2025-04-16 15:19:06 INFO  ChordProtocols:167 - Finger table entry 4: process1
2025-04-16 15:19:06 INFO  ChordProtocols:167 - Finger table entry 5: process1
2025-04-16 15:19:06 INFO  ChordProtocols:167 - Finger table entry 6: process1
2025-04-16 15:19:06 INFO  ChordProtocols:167 - Finger table entry 7: process1
2025-04-16 15:19:06 INFO  ChordProtocols:167 - Finger table entry 8: process1
2025-04-16 15:19:06 INFO  ChordProtocols:167 - Finger table entry 9: process1
2025-04-16 15:19:06 INFO  ChordProtocols:167 - Finger table entry 10: process1
2025-04-16 15:19:06 INFO  ChordProtocols:167 - Finger table entry 11: process1
2025-04-16 15:19:06 INFO  ChordProtocols:167 - Finger table entry 12: process1
2025-04-16 15:19:06 INFO  ChordProtocols:167 - Finger table entry 13: process1
2025-04-16 15:19:06 INFO  ChordProtocols:167 - Finger table entry 14: process1
2025-04-16 15:19:06 INFO  ChordProtocols:167 - Finger table entry 15: process1
2025-04-16 15:19:06 INFO  ChordProtocols:167 - Finger table entry 16: process1
2025-04-16 15:19:06 INFO  ChordProtocols:167 - Finger table entry 17: process1
2025-04-16 15:19:06 INFO  ChordProtocols:167 - Finger table entry 18: process1
2025-04-16 15:19:06 INFO  ChordProtocols:167 - Finger table entry 19: process1
2025-04-16 15:19:06 INFO  ChordProtocols:167 - Finger table entry 20: process1
2025-04-16 15:19:06 INFO  ChordProtocols:167 - Finger table entry 21: process1
2025-04-16 15:19:06 INFO  ChordProtocols:167 - Finger table entry 22: process1
2025-04-16 15:19:06 INFO  ChordProtocols:167 - Finger table entry 23: process1
2025-04-16 15:19:06 INFO  ChordProtocols:167 - Finger table entry 24: process1
2025-04-16 15:19:06 INFO  ChordProtocols:167 - Finger table entry 25: process1
2025-04-16 15:19:06 INFO  ChordProtocols:167 - Finger table entry 26: process1
2025-04-16 15:19:06 INFO  ChordProtocols:167 - Finger table entry 27: process1
2025-04-16 15:19:06 INFO  ChordProtocols:167 - Finger table entry 28: process1
2025-04-16 15:19:06 INFO  ChordProtocols:167 - Finger table entry 29: process1
2025-04-16 15:19:06 INFO  ChordProtocols:167 - Finger table entry 30: process1
2025-04-16 15:19:06 INFO  ChordProtocols:167 - Finger table entry 31: process1
2025-04-16 15:19:06 INFO  ChordProtocols:167 - Finger table entry 32: process1
2025-04-16 15:19:06 INFO  ChordProtocols:167 - Finger table entry 33: process1
2025-04-16 15:19:06 INFO  ChordProtocols:167 - Finger table entry 34: process1
2025-04-16 15:19:06 INFO  ChordProtocols:167 - Finger table entry 35: process1
2025-04-16 15:19:06 INFO  ChordProtocols:167 - Finger table entry 36: process1
2025-04-16 15:19:06 INFO  ChordProtocols:167 - Finger table entry 37: process1
2025-04-16 15:19:06 INFO  ChordProtocols:167 - Finger table entry 38: process1
2025-04-16 15:19:06 INFO  ChordProtocols:167 - Finger table entry 39: process1
2025-04-16 15:19:06 INFO  ChordProtocols:167 - Finger table entry 40: process1
2025-04-16 15:19:06 INFO  ChordProtocols:167 - Finger table entry 41: process1
2025-04-16 15:19:06 INFO  ChordProtocols:167 - Finger table entry 42: process1
2025-04-16 15:19:06 INFO  ChordProtocols:167 - Finger table entry 43: process1
2025-04-16 15:19:06 INFO  ChordProtocols:167 - Finger table entry 44: process1
2025-04-16 15:19:06 INFO  ChordProtocols:167 - Finger table entry 45: process1
2025-04-16 15:19:06 INFO  ChordProtocols:167 - Finger table entry 46: process1
2025-04-16 15:19:06 INFO  ChordProtocols:167 - Finger table entry 47: process1
2025-04-16 15:19:06 INFO  ChordProtocols:167 - Finger table entry 48: process1
2025-04-16 15:19:06 INFO  ChordProtocols:167 - Finger table entry 49: process1
2025-04-16 15:19:06 INFO  ChordProtocols:167 - Finger table entry 50: process1
2025-04-16 15:19:06 INFO  ChordProtocols:167 - Finger table entry 51: process1
2025-04-16 15:19:06 INFO  ChordProtocols:167 - Finger table entry 52: process1
2025-04-16 15:19:06 INFO  ChordProtocols:167 - Finger table entry 53: process1
2025-04-16 15:19:06 INFO  ChordProtocols:167 - Finger table entry 54: process1
2025-04-16 15:19:06 INFO  ChordProtocols:167 - Finger table entry 55: process1
2025-04-16 15:19:06 INFO  ChordProtocols:167 - Finger table entry 56: process1
2025-04-16 15:19:06 INFO  ChordProtocols:167 - Finger table entry 57: process1
2025-04-16 15:19:06 INFO  ChordProtocols:167 - Finger table entry 58: process1
2025-04-16 15:19:06 INFO  ChordProtocols:167 - Finger table entry 59: process1
2025-04-16 15:19:06 INFO  ChordProtocols:167 - Finger table entry 60: process1
2025-04-16 15:19:06 INFO  ChordProtocols:167 - Finger table entry 61: process1
2025-04-16 15:19:06 INFO  ChordProtocols:167 - Finger table entry 62: process1
2025-04-16 15:19:06 INFO  ChordProtocols:167 - Finger table entry 63: process1
2025-04-16 15:19:06 INFO  ChordProtocols:167 - Finger table entry 64: process1
2025-04-16 15:19:06 INFO  ChordProtocols:167 - Finger table entry 65: process1
2025-04-16 15:19:06 INFO  ChordProtocols:167 - Finger table entry 66: process1
2025-04-16 15:19:06 INFO  ChordProtocols:167 - Finger table entry 67: process1
2025-04-16 15:19:06 INFO  ChordProtocols:167 - Finger table entry 68: process1
2025-04-16 15:19:06 INFO  ChordProtocols:167 - Finger table entry 69: process1
2025-04-16 15:19:06 INFO  ChordProtocols:167 - Finger table entry 70: process1
2025-04-16 15:19:06 INFO  ChordProtocols:167 - Finger table entry 71: process1
2025-04-16 15:19:06 INFO  ChordProtocols:167 - Finger table entry 72: process1
2025-04-16 15:19:06 INFO  ChordProtocols:167 - Finger table entry 73: process1
2025-04-16 15:19:06 INFO  ChordProtocols:167 - Finger table entry 74: process1
2025-04-16 15:19:06 INFO  ChordProtocols:167 - Finger table entry 75: process1
2025-04-16 15:19:06 INFO  ChordProtocols:167 - Finger table entry 76: process1
2025-04-16 15:19:06 INFO  ChordProtocols:167 - Finger table entry 77: process1
2025-04-16 15:19:06 INFO  ChordProtocols:167 - Finger table entry 78: process1
2025-04-16 15:19:06 INFO  ChordProtocols:167 - Finger table entry 79: process1
2025-04-16 15:19:06 INFO  ChordProtocols:167 - Finger table entry 80: process1
2025-04-16 15:19:06 INFO  ChordProtocols:167 - Finger table entry 81: process1
2025-04-16 15:19:06 INFO  ChordProtocols:167 - Finger table entry 82: process1
2025-04-16 15:19:06 INFO  ChordProtocols:167 - Finger table entry 83: process1
2025-04-16 15:19:06 INFO  ChordProtocols:167 - Finger table entry 84: process1
2025-04-16 15:19:06 INFO  ChordProtocols:167 - Finger table entry 85: process1
2025-04-16 15:19:06 INFO  ChordProtocols:167 - Finger table entry 86: process1
2025-04-16 15:19:06 INFO  ChordProtocols:167 - Finger table entry 87: process1
2025-04-16 15:19:06 INFO  ChordProtocols:167 - Finger table entry 88: process1
2025-04-16 15:19:06 INFO  ChordProtocols:167 - Finger table entry 89: process1
2025-04-16 15:19:06 INFO  ChordProtocols:167 - Finger table entry 90: process1
2025-04-16 15:19:06 INFO  ChordProtocols:167 - Finger table entry 91: process1
2025-04-16 15:19:06 INFO  ChordProtocols:167 - Finger table entry 92: process1
2025-04-16 15:19:06 INFO  ChordProtocols:167 - Finger table entry 93: process1
2025-04-16 15:19:06 INFO  ChordProtocols:167 - Finger table entry 94: process1
2025-04-16 15:19:06 INFO  ChordProtocols:167 - Finger table entry 95: process1
2025-04-16 15:19:06 INFO  ChordProtocols:167 - Finger table entry 96: process1
2025-04-16 15:19:06 INFO  ChordProtocols:167 - Finger table entry 97: process1
2025-04-16 15:19:06 INFO  ChordProtocols:167 - Finger table entry 98: process1
2025-04-16 15:19:06 INFO  ChordProtocols:167 - Finger table entry 99: process1
2025-04-16 15:19:06 INFO  ChordProtocols:167 - Finger table entry 100: process1
2025-04-16 15:19:06 INFO  ChordProtocols:167 - Finger table entry 101: process1
2025-04-16 15:19:06 INFO  ChordProtocols:167 - Finger table entry 102: process1
2025-04-16 15:19:06 INFO  ChordProtocols:167 - Finger table entry 103: process1
2025-04-16 15:19:06 INFO  ChordProtocols:167 - Finger table entry 104: process1
2025-04-16 15:19:06 INFO  ChordProtocols:167 - Finger table entry 105: process1
2025-04-16 15:19:06 INFO  ChordProtocols:167 - Finger table entry 106: process1
2025-04-16 15:19:06 INFO  ChordProtocols:167 - Finger table entry 107: process1
2025-04-16 15:19:06 INFO  ChordProtocols:167 - Finger table entry 108: process1
2025-04-16 15:19:06 INFO  ChordProtocols:167 - Finger table entry 109: process1
2025-04-16 15:19:06 INFO  ChordProtocols:167 - Finger table entry 110: process1
2025-04-16 15:19:06 INFO  ChordProtocols:167 - Finger table entry 111: process1
2025-04-16 15:19:06 INFO  ChordProtocols:167 - Finger table entry 112: process1
2025-04-16 15:19:06 INFO  ChordProtocols:167 - Finger table entry 113: process1
2025-04-16 15:19:06 INFO  ChordProtocols:167 - Finger table entry 114: process1
2025-04-16 15:19:06 INFO  ChordProtocols:167 - Finger table entry 115: process1
2025-04-16 15:19:06 INFO  ChordProtocols:167 - Finger table entry 116: process1
2025-04-16 15:19:06 INFO  ChordProtocols:167 - Finger table entry 117: process1
2025-04-16 15:19:06 INFO  ChordProtocols:167 - Finger table entry 118: process1
2025-04-16 15:19:06 INFO  ChordProtocols:167 - Finger table entry 119: process1
2025-04-16 15:19:06 INFO  ChordProtocols:167 - Finger table entry 120: process1
2025-04-16 15:19:06 INFO  ChordProtocols:167 - Finger table entry 121: process1
2025-04-16 15:19:06 INFO  ChordProtocols:167 - Finger table entry 122: process1
2025-04-16 15:19:06 INFO  ChordProtocols:167 - Finger table entry 123: process1
2025-04-16 15:19:06 INFO  ChordProtocols:167 - Finger table entry 124: process1
2025-04-16 15:19:06 INFO  ChordProtocols:167 - Finger table entry 125: process1
2025-04-16 15:19:06 INFO  ChordProtocols:167 - Finger table entry 126: process1
2025-04-16 15:19:06 INFO  ChordProtocols:167 - Finger table entry 127: process1
2025-04-16 15:19:06 INFO  ChordProtocols:167 - Finger table entry 128: process1
2025-04-16 15:19:06 INFO  ChordProtocols:167 - Finger table entry 129: process1
2025-04-16 15:19:06 INFO  ChordProtocols:167 - Finger table entry 130: process1
2025-04-16 15:19:06 INFO  ChordProtocols:167 - Finger table entry 131: process1
2025-04-16 15:19:06 INFO  ChordProtocols:167 - Finger table entry 132: process1
2025-04-16 15:19:06 INFO  ChordProtocols:167 - Finger table entry 133: process1
2025-04-16 15:19:06 INFO  ChordProtocols:167 - Finger table entry 134: process1
2025-04-16 15:19:06 INFO  ChordProtocols:167 - Finger table entry 135: process1
2025-04-16 15:19:06 INFO  ChordProtocols:167 - Finger table entry 136: process1
2025-04-16 15:19:06 INFO  ChordProtocols:167 - Finger table entry 137: process1
2025-04-16 15:19:06 INFO  ChordProtocols:167 - Finger table entry 138: process1
2025-04-16 15:19:06 INFO  ChordProtocols:167 - Finger table entry 139: process1
2025-04-16 15:19:06 INFO  ChordProtocols:167 - Finger table entry 140: process1
2025-04-16 15:19:06 INFO  ChordProtocols:167 - Finger table entry 141: process1
2025-04-16 15:19:06 INFO  ChordProtocols:167 - Finger table entry 142: process1
2025-04-16 15:19:06 INFO  ChordProtocols:167 - Finger table entry 143: process1
2025-04-16 15:19:06 INFO  ChordProtocols:167 - Finger table entry 144: process1
2025-04-16 15:19:06 INFO  ChordProtocols:167 - Finger table entry 145: process1
2025-04-16 15:19:06 INFO  ChordProtocols:167 - Finger table entry 146: process1
2025-04-16 15:19:06 INFO  ChordProtocols:167 - Finger table entry 147: process1
2025-04-16 15:19:06 INFO  ChordProtocols:167 - Finger table entry 148: process1
2025-04-16 15:19:06 INFO  ChordProtocols:167 - Finger table entry 149: process1
2025-04-16 15:19:06 INFO  ChordProtocols:167 - Finger table entry 150: process1
2025-04-16 15:19:06 INFO  ChordProtocols:167 - Finger table entry 151: process1
2025-04-16 15:19:06 INFO  ChordProtocols:167 - Finger table entry 152: process1
2025-04-16 15:19:06 INFO  ChordProtocols:167 - Finger table entry 153: process1
2025-04-16 15:19:06 INFO  ChordProtocols:167 - Finger table entry 154: process1
2025-04-16 15:19:06 INFO  ChordProtocols:167 - Finger table entry 155: process1
2025-04-16 15:19:06 INFO  ChordProtocols:167 - Finger table entry 156: process1
2025-04-16 15:19:06 INFO  ChordProtocols:167 - Finger table entry 157: process1
2025-04-16 15:19:06 INFO  ChordProtocols:167 - Finger table entry 158: process1
2025-04-16 15:19:06 INFO  ChordProtocols:167 - Finger table entry 159: process1
2025-04-16 15:19:06 INFO  StabilizationProtocols:60 - Checking the predecessor for Node: process1
==================================
Node Identifier = 53937554629190552131995290006614509577
Node IP address = process1
successor(process1) = process1
predecessor(process1) = process2
Current File keys for process1 => [74562840026045028124153328040251671929, 29575379716128161744015795330688223041, 233967213630821084202594656734220443007, 186687894749398084687532899812448214112, 281996937096954112005216067880900766479, 243045117273536917610085544788968257188, 335039714883865487253378294380022372736, 224787814043382533461252738668132702309, 11109457821295383599675955552842910011, 167456874872593751079347553104905917097, 239468046468678799468702753622523462573, 142820278093378998684259892376706304558, 200193767313542181310664967621541439055, 134876162486085576908332736946454226319, 252989321785078311399608286968694554648, 219109341706441288265070987815669215081, 338118628222534603315295789424213798414, 225516283356764104664520683716052595796, 8982529450358818515335315941103837007, 256799875824926708015752771336265639949]
==================================
2025-04-16 15:19:06 INFO  FileManager:65 - Replica created for file: file2_replica_0 with hash: 167456874872593751079347553104905917097
2025-04-16 15:19:06 INFO  FileManager:65 - Replica created for file: file2_replica_1 with hash: 338118628222534603315295789424213798414
2025-04-16 15:19:06 INFO  FileManager:65 - Replica created for file: file2_replica_2 with hash: 29575379716128161744015795330688223041
2025-04-16 15:19:06 INFO  FileManager:65 - Replica created for file: file2_replica_3 with hash: 200193767313542181310664967621541439055
]]></system-out>
  </testcase>
</testsuite>