<?xml version="1.0" encoding="UTF-8"?>
<testsuite xmlns:xsi="http://www.w3.org/2001/XMLSchema-instance" xsi:noNamespaceSchemaLocation="https://maven.apache.org/surefire/maven-surefire-plugin/xsd/surefire-test-report-3.0.xsd" version="3.0" name="no.hvl.dat110.unit.tests.TestMutex" time="0.018" tests="1" errors="1" skipped="0" failures="0">
  <properties>
[...]
</properties>
  <testcase name="test" classname="no.hvl.dat110.unit.tests.TestMutex" time="0.016">
    <error type="java.lang.NullPointerException"><![CDATA[java.lang.NullPointerException
	at no.hvl.dat110.middleware.MutualExclusion.multicastReleaseLocks(MutualExclusion.java:239)
	at no.hvl.dat110.middleware.Node.multicastReleaseLocks(Node.java:222)
	at java.base/jdk.internal.reflect.NativeMethodAccessorImpl.invoke0(Native Method)
	at java.base/jdk.internal.reflect.NativeMethodAccessorImpl.invoke(NativeMethodAccessorImpl.java:62)
	at java.base/jdk.internal.reflect.DelegatingMethodAccessorImpl.invoke(DelegatingMethodAccessorImpl.java:43)
	at java.base/java.lang.reflect.Method.invoke(Method.java:564)
	at java.rmi/sun.rmi.server.UnicastServerRef.dispatch(UnicastServerRef.java:359)
	at java.rmi/sun.rmi.transport.Transport$1.run(Transport.java:200)
	at java.rmi/sun.rmi.transport.Transport$1.run(Transport.java:197)
	at java.base/java.security.AccessController.doPrivileged(AccessController.java:691)
	at java.rmi/sun.rmi.transport.Transport.serviceCall(Transport.java:196)
	at java.rmi/sun.rmi.transport.tcp.TCPTransport.handleMessages(TCPTransport.java:587)
	at java.rmi/sun.rmi.transport.tcp.TCPTransport$ConnectionHandler.run0(TCPTransport.java:828)
	at java.rmi/sun.rmi.transport.tcp.TCPTransport$ConnectionHandler.lambda$run$0(TCPTransport.java:705)
	at java.base/java.security.AccessController.doPrivileged(AccessController.java:391)
	at java.rmi/sun.rmi.transport.tcp.TCPTransport$ConnectionHandler.run(TCPTransport.java:704)
	at java.base/java.util.concurrent.ThreadPoolExecutor.runWorker(ThreadPoolExecutor.java:1130)
	at java.base/java.util.concurrent.ThreadPoolExecutor$Worker.run(ThreadPoolExecutor.java:630)
	at java.base/java.lang.Thread.run(Thread.java:832)
	at java.rmi/sun.rmi.transport.StreamRemoteCall.exceptionReceivedFromServer(StreamRemoteCall.java:303)
	at java.rmi/sun.rmi.transport.StreamRemoteCall.executeCall(StreamRemoteCall.java:279)
	at java.rmi/sun.rmi.server.UnicastRef.invoke(UnicastRef.java:164)
	at java.rmi/java.rmi.server.RemoteObjectInvocationHandler.invokeRemoteMethod(RemoteObjectInvocationHandler.java:217)
	at java.rmi/java.rmi.server.RemoteObjectInvocationHandler.invoke(RemoteObjectInvocationHandler.java:162)
	at com.sun.proxy.$Proxy24.multicastReleaseLocks(Unknown Source)
	at no.hvl.dat110.unit.tests.TestMutex.test(TestMutex.java:53)
	at java.base/jdk.internal.reflect.NativeMethodAccessorImpl.invoke0(Native Method)
	at java.base/jdk.internal.reflect.NativeMethodAccessorImpl.invoke(NativeMethodAccessorImpl.java:62)
	at java.base/jdk.internal.reflect.DelegatingMethodAccessorImpl.invoke(DelegatingMethodAccessorImpl.java:43)
	at java.base/java.lang.reflect.Method.invoke(Method.java:564)
	at org.junit.platform.commons.util.ReflectionUtils.invokeMethod(ReflectionUtils.java:727)
	at org.junit.jupiter.engine.execution.MethodInvocation.proceed(MethodInvocation.java:60)
	at org.junit.jupiter.engine.execution.InvocationInterceptorChain$ValidatingInvocation.proceed(InvocationInterceptorChain.java:131)
	at org.junit.jupiter.engine.extension.TimeoutExtension.intercept(TimeoutExtension.java:156)
	at org.junit.jupiter.engine.extension.TimeoutExtension.interceptTestableMethod(TimeoutExtension.java:147)
	at org.junit.jupiter.engine.extension.TimeoutExtension.interceptTestMethod(TimeoutExtension.java:86)
	at org.junit.jupiter.engine.execution.InterceptingExecutableInvoker$ReflectiveInterceptorCall.lambda$ofVoidMethod$0(InterceptingExecutableInvoker.java:103)
	at org.junit.jupiter.engine.execution.InterceptingExecutableInvoker.lambda$invoke$0(InterceptingExecutableInvoker.java:93)
	at org.junit.jupiter.engine.execution.InvocationInterceptorChain$InterceptedInvocation.proceed(InvocationInterceptorChain.java:106)
	at org.junit.jupiter.engine.execution.InvocationInterceptorChain.proceed(InvocationInterceptorChain.java:64)
	at org.junit.jupiter.engine.execution.InvocationInterceptorChain.chainAndInvoke(InvocationInterceptorChain.java:45)
	at org.junit.jupiter.engine.execution.InvocationInterceptorChain.invoke(InvocationInterceptorChain.java:37)
	at org.junit.jupiter.engine.execution.InterceptingExecutableInvoker.invoke(InterceptingExecutableInvoker.java:92)
	at org.junit.jupiter.engine.execution.InterceptingExecutableInvoker.invoke(InterceptingExecutableInvoker.java:86)
	at org.junit.jupiter.engine.descriptor.TestMethodTestDescriptor.lambda$invokeTestMethod$7(TestMethodTestDescriptor.java:217)
	at org.junit.platform.engine.support.hierarchical.ThrowableCollector.execute(ThrowableCollector.java:73)
	at org.junit.jupiter.engine.descriptor.TestMethodTestDescriptor.invokeTestMethod(TestMethodTestDescriptor.java:213)
	at org.junit.jupiter.engine.descriptor.TestMethodTestDescriptor.execute(TestMethodTestDescriptor.java:138)
	at org.junit.jupiter.engine.descriptor.TestMethodTestDescriptor.execute(TestMethodTestDescriptor.java:68)
	at org.junit.platform.engine.support.hierarchical.NodeTestTask.lambda$executeRecursively$6(NodeTestTask.java:151)
	at org.junit.platform.engine.support.hierarchical.ThrowableCollector.execute(ThrowableCollector.java:73)
	at org.junit.platform.engine.support.hierarchical.NodeTestTask.lambda$executeRecursively$8(NodeTestTask.java:141)
	at org.junit.platform.engine.support.hierarchical.Node.around(Node.java:137)
	at org.junit.platform.engine.support.hierarchical.NodeTestTask.lambda$executeRecursively$9(NodeTestTask.java:139)
	at org.junit.platform.engine.support.hierarchical.ThrowableCollector.execute(ThrowableCollector.java:73)
	at org.junit.platform.engine.support.hierarchical.NodeTestTask.executeRecursively(NodeTestTask.java:138)
	at org.junit.platform.engine.support.hierarchical.NodeTestTask.execute(NodeTestTask.java:95)
	at java.base/java.util.ArrayList.forEach(ArrayList.java:1511)
	at org.junit.platform.engine.support.hierarchical.SameThreadHierarchicalTestExecutorService.invokeAll(SameThreadHierarchicalTestExecutorService.java:41)
	at org.junit.platform.engine.support.hierarchical.NodeTestTask.lambda$executeRecursively$6(NodeTestTask.java:155)
	at org.junit.platform.engine.support.hierarchical.ThrowableCollector.execute(ThrowableCollector.java:73)
	at org.junit.platform.engine.support.hierarchical.NodeTestTask.lambda$executeRecursively$8(NodeTestTask.java:141)
	at org.junit.platform.engine.support.hierarchical.Node.around(Node.java:137)
	at org.junit.platform.engine.support.hierarchical.NodeTestTask.lambda$executeRecursively$9(NodeTestTask.java:139)
	at org.junit.platform.engine.support.hierarchical.ThrowableCollector.execute(ThrowableCollector.java:73)
	at org.junit.platform.engine.support.hierarchical.NodeTestTask.executeRecursively(NodeTestTask.java:138)
	at org.junit.platform.engine.support.hierarchical.NodeTestTask.execute(NodeTestTask.java:95)
	at java.base/java.util.ArrayList.forEach(ArrayList.java:1511)
	at org.junit.platform.engine.support.hierarchical.SameThreadHierarchicalTestExecutorService.invokeAll(SameThreadHierarchicalTestExecutorService.java:41)
	at org.junit.platform.engine.support.hierarchical.NodeTestTask.lambda$executeRecursively$6(NodeTestTask.java:155)
	at org.junit.platform.engine.support.hierarchical.ThrowableCollector.execute(ThrowableCollector.java:73)
	at org.junit.platform.engine.support.hierarchical.NodeTestTask.lambda$executeRecursively$8(NodeTestTask.java:141)
	at org.junit.platform.engine.support.hierarchical.Node.around(Node.java:137)
	at org.junit.platform.engine.support.hierarchical.NodeTestTask.lambda$executeRecursively$9(NodeTestTask.java:139)
	at org.junit.platform.engine.support.hierarchical.ThrowableCollector.execute(ThrowableCollector.java:73)
	at org.junit.platform.engine.support.hierarchical.NodeTestTask.executeRecursively(NodeTestTask.java:138)
	at org.junit.platform.engine.support.hierarchical.NodeTestTask.execute(NodeTestTask.java:95)
	at org.junit.platform.engine.support.hierarchical.SameThreadHierarchicalTestExecutorService.submit(SameThreadHierarchicalTestExecutorService.java:35)
	at org.junit.platform.engine.support.hierarchical.HierarchicalTestExecutor.execute(HierarchicalTestExecutor.java:57)
	at org.junit.platform.engine.support.hierarchical.HierarchicalTestEngine.execute(HierarchicalTestEngine.java:54)
	at org.junit.platform.launcher.core.EngineExecutionOrchestrator.execute(EngineExecutionOrchestrator.java:147)
	at org.junit.platform.launcher.core.EngineExecutionOrchestrator.execute(EngineExecutionOrchestrator.java:127)
	at org.junit.platform.launcher.core.EngineExecutionOrchestrator.execute(EngineExecutionOrchestrator.java:90)
	at org.junit.platform.launcher.core.EngineExecutionOrchestrator.lambda$execute$0(EngineExecutionOrchestrator.java:55)
	at org.junit.platform.launcher.core.EngineExecutionOrchestrator.withInterceptedStreams(EngineExecutionOrchestrator.java:102)
	at org.junit.platform.launcher.core.EngineExecutionOrchestrator.execute(EngineExecutionOrchestrator.java:54)
	at org.junit.platform.launcher.core.DefaultLauncher.execute(DefaultLauncher.java:114)
	at org.junit.platform.launcher.core.DefaultLauncher.execute(DefaultLauncher.java:86)
	at org.junit.platform.launcher.core.DefaultLauncherSession$DelegatingLauncher.execute(DefaultLauncherSession.java:86)
	at org.apache.maven.surefire.junitplatform.LazyLauncher.execute(LazyLauncher.java:55)
	at org.apache.maven.surefire.junitplatform.JUnitPlatformProvider.execute(JUnitPlatformProvider.java:223)
	at org.apache.maven.surefire.junitplatform.JUnitPlatformProvider.invokeAllTests(JUnitPlatformProvider.java:175)
	at org.apache.maven.surefire.junitplatform.JUnitPlatformProvider.invoke(JUnitPlatformProvider.java:139)
	at org.apache.maven.surefire.booter.ForkedBooter.runSuitesInProcess(ForkedBooter.java:456)
	at org.apache.maven.surefire.booter.ForkedBooter.execute(ForkedBooter.java:169)
	at org.apache.maven.surefire.booter.ForkedBooter.run(ForkedBooter.java:595)
	at org.apache.maven.surefire.booter.ForkedBooter.main(ForkedBooter.java:581)
]]></error>
    <system-out><![CDATA[2025-04-16 15:19:06 INFO  ChordProtocols:167 - Finger table entry 108: process1
2025-04-16 15:19:06 INFO  ChordProtocols:167 - Finger table entry 109: process1
2025-04-16 15:19:06 INFO  ChordProtocols:167 - Finger table entry 110: process1
2025-04-16 15:19:06 INFO  ChordProtocols:167 - Finger table entry 111: process1
2025-04-16 15:19:06 INFO  ChordProtocols:167 - Finger table entry 112: process1
2025-04-16 15:19:06 INFO  ChordProtocols:167 - Finger table entry 113: process1
2025-04-16 15:19:06 INFO  ChordProtocols:167 - Finger table entry 114: process1
2025-04-16 15:19:06 INFO  ChordProtocols:167 - Finger table entry 115: process1
2025-04-16 15:19:06 INFO  ChordProtocols:167 - Finger table entry 116: process1
2025-04-16 15:19:06 INFO  ChordProtocols:167 - Finger table entry 117: process1
2025-04-16 15:19:06 INFO  ChordProtocols:167 - Finger table entry 118: process1
2025-04-16 15:19:06 INFO  ChordProtocols:167 - Finger table entry 119: process1
2025-04-16 15:19:06 INFO  ChordProtocols:167 - Finger table entry 120: process1
2025-04-16 15:19:06 INFO  FileManager:65 - Replica created for file: file1_replica_0 with hash: 225516283356764104664520683716052595796
2025-04-16 15:19:06 INFO  ChordProtocols:167 - Finger table entry 121: process1
2025-04-16 15:19:06 INFO  FileManager:65 - Replica created for file: file1_replica_1 with hash: 8982529450358818515335315941103837007
2025-04-16 15:19:06 INFO  FileManager:65 - Replica created for file: file1_replica_2 with hash: 11109457821295383599675955552842910011
2025-04-16 15:19:06 INFO  ChordProtocols:167 - Finger table entry 122: process1
2025-04-16 15:19:06 INFO  FileManager:65 - Replica created for file: file1_replica_3 with hash: 281996937096954112005216067880900766479
2025-04-16 15:19:06 INFO  ChordProtocols:167 - Finger table entry 123: process1
2025-04-16 15:19:06 INFO  ChordProtocols:167 - Finger table entry 124: process1
2025-04-16 15:19:06 INFO  ChordProtocols:167 - Finger table entry 125: process1
2025-04-16 15:19:06 INFO  ChordProtocols:167 - Finger table entry 126: process1
2025-04-16 15:19:06 INFO  ChordProtocols:167 - Finger table entry 127: process1
2025-04-16 15:19:06 INFO  ChordProtocols:167 - Finger table entry 128: process1
2025-04-16 15:19:06 INFO  ChordProtocols:167 - Finger table entry 129: process1
2025-04-16 15:19:06 INFO  ChordProtocols:167 - Finger table entry 130: process1
2025-04-16 15:19:06 INFO  ChordProtocols:167 - Finger table entry 131: process1
2025-04-16 15:19:06 INFO  ChordProtocols:167 - Finger table entry 132: process1
2025-04-16 15:19:06 INFO  ChordProtocols:167 - Finger table entry 133: process1
2025-04-16 15:19:06 INFO  ChordProtocols:167 - Finger table entry 134: process1
2025-04-16 15:19:06 INFO  ChordProtocols:167 - Finger table entry 135: process1
2025-04-16 15:19:06 INFO  MutualExclusion:230 - Releasing locks from = 1
2025-04-16 15:19:06 INFO  ChordProtocols:167 - Finger table entry 136: process1
2025-04-16 15:19:06 INFO  ChordProtocols:167 - Finger table entry 137: process1
2025-04-16 15:19:06 INFO  ChordProtocols:167 - Finger table entry 138: process1
2025-04-16 15:19:06 INFO  ChordProtocols:167 - Finger table entry 139: process1
2025-04-16 15:19:06 INFO  ChordProtocols:167 - Finger table entry 140: process1
2025-04-16 15:19:06 INFO  ChordProtocols:167 - Finger table entry 141: process1
2025-04-16 15:19:06 INFO  ChordProtocols:167 - Finger table entry 142: process1
2025-04-16 15:19:06 INFO  ChordProtocols:167 - Finger table entry 143: process1
2025-04-16 15:19:06 INFO  ChordProtocols:167 - Finger table entry 144: process1
2025-04-16 15:19:06 INFO  ChordProtocols:167 - Finger table entry 145: process1
2025-04-16 15:19:06 INFO  ChordProtocols:167 - Finger table entry 146: process1
2025-04-16 15:19:06 INFO  ChordProtocols:167 - Finger table entry 147: process1
2025-04-16 15:19:06 INFO  ChordProtocols:167 - Finger table entry 148: process1
]]></system-out>
  </testcase>
</testsuite>